<?xml version="1.0" encoding="UTF-8" standalone="no"?>
<fileLog>
<createdFiles>
<entry name=".install4j/user/flatlaf.jar" shared="false" uninstallMode="2"/>
<entry name="/opt/i4j_jres/Oda-jK0QgTEmVssfllLP/17.0.16.0.101-zulu/legal/java.desktop/pipewire.md" shared="false" uninstallMode="1"/>
<entry name="/opt/i4j_jres/Oda-jK0QgTEmVssfllLP/17.0.16.0.101-zulu/lib/libmanagement_agent.so" shared="false" uninstallMode="1"/>
<entry name="/opt/i4j_jres/Oda-jK0QgTEmVssfllLP/17.0.16.0.101-zulu/lib/security/default.policy" shared="false" uninstallMode="1"/>
<entry name="/opt/i4j_jres/Oda-jK0QgTEmVssfllLP/17.0.16.0.101-zulu/legal/java.sql.rowset/ADDITIONAL_LICENSE_INFO" shared="false" uninstallMode="0"/>
<entry name="/opt/i4j_jres/Oda-jK0QgTEmVssfllLP/17.0.16.0.101-zulu/legal/jdk.management/CLASSPATH_EXCEPTION_NOTE" shared="false" uninstallMode="0"/>
<entry name="jars/jlayer-1.0.3.jar" shared="false" uninstallMode="0"/>
<entry name="jars/jxbrowser-linux64-8.9.4.jar" shared="false" uninstallMode="0"/>
<entry name="jars/fop-2.8.jar" shared="false" uninstallMode="0"/>
<entry name="/opt/i4j_jres/Oda-jK0QgTEmVssfllLP/17.0.16.0.101-zulu/legal/java.security.jgss/ADDITIONAL_LICENSE_INFO" shared="false" uninstallMode="0"/>
<entry name="jars/jackson-databind-2.12.3.jar" shared="false" uninstallMode="0"/>
<entry name="/opt/i4j_jres/Oda-jK0QgTEmVssfllLP/17.0.16.0.101-zulu/legal/java.smartcardio/LICENSE" shared="false" uninstallMode="0"/>
<entry name="/opt/i4j_jres/Oda-jK0QgTEmVssfllLP/17.0.16.0.101-zulu/include/linux/jawt_md.h" shared="false" uninstallMode="1"/>
<entry name=".install4j/pref_jre.cfg" shared="false" uninstallMode="0"/>
<entry name="/opt/i4j_jres/Oda-jK0QgTEmVssfllLP/17.0.16.0.101-zulu/lib/libprism_es2.so" shared="false" uninstallMode="1"/>
<entry name="/opt/i4j_jres/Oda-jK0QgTEmVssfllLP/17.0.16.0.101-zulu/legal/java.management.rmi/LICENSE" shared="false" uninstallMode="0"/>
<entry name="/opt/i4j_jres/Oda-jK0QgTEmVssfllLP/17.0.16.0.101-zulu/legal/java.naming/ADDITIONAL_LICENSE_INFO" shared="false" uninstallMode="0"/>
<entry name="/opt/i4j_jres/Oda-jK0QgTEmVssfllLP/17.0.16.0.101-zulu/lib/server/libjsig.so" shared="false" uninstallMode="1"/>
<entry name="jars/log4j-api-2.25.3.jar" shared="false" uninstallMode="0"/>
<entry name="/opt/i4j_jres/Oda-jK0QgTEmVssfllLP/17.0.16.0.101-zulu/legal/jdk.unsupported.desktop/ADDITIONAL_LICENSE_INFO" shared="false" uninstallMode="0"/>
<entry name="/opt/i4j_jres/Oda-jK0QgTEmVssfllLP/17.0.16.0.101-zulu/legal/java.base/ADDITIONAL_LICENSE_INFO" shared="false" uninstallMode="1"/>
<entry name="/opt/i4j_jres/Oda-jK0QgTEmVssfllLP/17.0.16.0.101-zulu/lib/libavplugin-ffmpeg-60.so" shared="false" uninstallMode="1"/>
<entry name="/opt/i4j_jres/Oda-jK0QgTEmVssfllLP/17.0.16.0.101-zulu/conf/logging.properties" shared="false" uninstallMode="1"/>
<entry name="/opt/i4j_jres/Oda-jK0QgTEmVssfllLP/17.0.16.0.101-zulu/legal/jdk.jsobject/ASSEMBLY_EXCEPTION" shared="false" uninstallMode="0"/>
<entry name="/opt/i4j_jres/Oda-jK0QgTEmVssfllLP/17.0.16.0.101-zulu/legal/jdk.xml.dom/CLASSPATH_EXCEPTION_NOTE" shared="false" uninstallMode="0"/>
<entry name="/opt/i4j_jres/Oda-jK0QgTEmVssfllLP/17.0.16.0.101-zulu/legal/jdk.internal.ed/CLASSPATH_EXCEPTION_NOTE" shared="false" uninstallMode="0"/>
<entry name="/opt/i4j_jres/Oda-jK0QgTEmVssfllLP/17.0.16.0.101-zulu/legal/jdk.security.jgss/ADDITIONAL_LICENSE_INFO" shared="false" uninstallMode="0"/>
<entry name="/opt/i4j_jres/Oda-jK0QgTEmVssfllLP/17.0.16.0.101-zulu/lib/libjawt.so" shared="false" uninstallMode="1"/>
<entry name="/opt/i4j_jres/Oda-jK0QgTEmVssfllLP/17.0.16.0.101-zulu/legal/java.desktop/giflib.md" shared="false" uninstallMode="1"/>
<entry name="/opt/i4j_jres/Oda-jK0QgTEmVssfllLP/17.0.16.0.101-zulu/legal/jdk.dynalink/dynalink.md" shared="false" uninstallMode="1"/>
<entry name="/opt/i4j_jres/Oda-jK0QgTEmVssfllLP/17.0.16.0.101-zulu/legal/jdk.localedata/thaidict.md" shared="false" uninstallMode="1"/>
<entry name="jre/bin/server/classes.jsa" shared="false" uninstallMode="0"/>
<entry name="/opt/i4j_jres/Oda-jK0QgTEmVssfllLP/17.0.16.0.101-zulu/lib/libnet.so" shared="false" uninstallMode="1"/>
<entry name="/opt/i4j_jres/Oda-jK0QgTEmVssfllLP/17.0.16.0.101-zulu/legal/javafx.web/icu_web.md" shared="false" uninstallMode="1"/>
<entry name=".install4j/i4j_extf_27_ksapuk.utf8" shared="false" uninstallMode="2"/>
<entry name="/opt/i4j_jres/Oda-jK0QgTEmVssfllLP/17.0.16.0.101-zulu/legal/jdk.xml.dom/ADDITIONAL_LICENSE_INFO" shared="false" uninstallMode="0"/>
<entry name="/opt/i4j_jres/Oda-jK0QgTEmVssfllLP/17.0.16.0.101-zulu/legal/jdk.accessibility/CLASSPATH_EXCEPTION_NOTE" shared="false" uninstallMode="0"/>
<entry name="/opt/i4j_jres/Oda-jK0QgTEmVssfllLP/17.0.16.0.101-zulu/lib/libfontmanager.so" shared="false" uninstallMode="1"/>
<entry name="/opt/i4j_jres/Oda-jK0QgTEmVssfllLP/17.0.16.0.101-zulu/legal/java.scripting/LICENSE" shared="false" uninstallMode="0"/>
<entry name="/opt/i4j_jres/Oda-jK0QgTEmVssfllLP/17.0.16.0.101-zulu/man/man1/keytool.1" shared="false" uninstallMode="1"/>
<entry name="/opt/i4j_jres/Oda-jK0QgTEmVssfllLP/17.0.16.0.101-zulu/legal/java.instrument/CLASSPATH_EXCEPTION_NOTE" shared="false" uninstallMode="0"/>
<entry name="/opt/i4j_jres/Oda-jK0QgTEmVssfllLP/17.0.16.0.101-zulu/lib/libavplugin-ffmpeg-61.so" shared="false" uninstallMode="1"/>
<entry name=".install4j/i4j_extf_18_ksapuk.properties" shared="false" uninstallMode="2"/>
<entry name="/opt/i4j_jres/Oda-jK0QgTEmVssfllLP/17.0.16.0.101-zulu/legal/java.base/ASSEMBLY_EXCEPTION" shared="false" uninstallMode="1"/>
<entry name="jars/jxbrowser-swing-8.9.4.jar" shared="false" uninstallMode="0"/>
<entry name="/opt/i4j_jres/Oda-jK0QgTEmVssfllLP/17.0.16.0.101-zulu/lib/libjfxmedia.so" shared="false" uninstallMode="1"/>
<entry name=".install4j/i4j_extf_2_ksapuk.utf8" shared="false" uninstallMode="2"/>
<entry name="/opt/i4j_jres/Oda-jK0QgTEmVssfllLP/17.0.16.0.101-zulu/legal/jdk.internal.jvmstat/ADDITIONAL_LICENSE_INFO" shared="false" uninstallMode="0"/>
<entry name="jars/log4j-core-2.25.3.jar" shared="false" uninstallMode="0"/>
<entry name=".install4j/i4j_extf_11_ksapuk.properties" shared="false" uninstallMode="2"/>
<entry name="/opt/i4j_jres/Oda-jK0QgTEmVssfllLP/17.0.16.0.101-zulu/include/jni.h" shared="false" uninstallMode="1"/>
<entry name="/opt/i4j_jres/Oda-jK0QgTEmVssfllLP/17.0.16.0.101-zulu/legal/javafx.fxml/LICENSE" shared="false" uninstallMode="0"/>
<entry name="/opt/i4j_jres/Oda-jK0QgTEmVssfllLP/17.0.16.0.101-zulu/legal/jdk.internal.le/ADDITIONAL_LICENSE_INFO" shared="false" uninstallMode="0"/>
<entry name=".install4j/i4j_extf_6_ksapuk.utf8" shared="false" uninstallMode="2"/>
<entry name="/opt/i4j_jres/Oda-jK0QgTEmVssfllLP/17.0.16.0.101-zulu/legal/javafx.media/glib.md" shared="false" uninstallMode="1"/>
<entry name="/opt/i4j_jres/Oda-jK0QgTEmVssfllLP/17.0.16.0.101-zulu/legal/jdk.httpserver/CLASSPATH_EXCEPTION_NOTE" shared="false" uninstallMode="0"/>
<entry name="/opt/i4j_jres/Oda-jK0QgTEmVssfllLP/17.0.16.0.101-zulu/legal/jdk.internal.ed/ADDITIONAL_LICENSE_INFO" shared="false" uninstallMode="0"/>
<entry name="/opt/i4j_jres/Oda-jK0QgTEmVssfllLP/17.0.16.0.101-zulu/legal/javafx.web/libxslt.md" shared="false" uninstallMode="1"/>
<entry name="/opt/i4j_jres/Oda-jK0QgTEmVssfllLP/17.0.16.0.101-zulu/lib/libverify.so" shared="false" uninstallMode="1"/>
<entry name="jre/lib/amd64/client/classes.jsa" shared="false" uninstallMode="0"/>
<entry name=".install4j/i4j_extf_40_ksapuk.utf8" shared="false" uninstallMode="2"/>
<entry name="/opt/i4j_jres/Oda-jK0QgTEmVssfllLP/17.0.16.0.101-zulu/lib/libavplugin-57.so" shared="false" uninstallMode="1"/>
<entry name="/opt/i4j_jres/Oda-jK0QgTEmVssfllLP/17.0.16.0.101-zulu/conf/net.properties" shared="false" uninstallMode="1"/>
<entry name="/opt/i4j_jres/Oda-jK0QgTEmVssfllLP/17.0.16.0.101-zulu/include/classfile_constants.h" shared="false" uninstallMode="1"/>
<entry name="jars/jts4launch-1045.jar" shared="false" uninstallMode="0"/>
<entry name="/opt/i4j_jres/Oda-jK0QgTEmVssfllLP/17.0.16.0.101-zulu/legal/java.sql/ASSEMBLY_EXCEPTION" shared="false" uninstallMode="0"/>
<entry name="/opt/i4j_jres/Oda-jK0QgTEmVssfllLP/17.0.16.0.101-zulu/legal/jdk.zipfs/CLASSPATH_EXCEPTION_NOTE" shared="false" uninstallMode="0"/>
<entry name="/opt/i4j_jres/Oda-jK0QgTEmVssfllLP/17.0.16.0.101-zulu/legal/jdk.charsets/ASSEMBLY_EXCEPTION" shared="false" uninstallMode="0"/>
<entry name=".install4j/i4j_extf_12_ksapuk.utf8" shared="false" uninstallMode="2"/>
<entry name="jars/protobuf-java-3.25.6.jar" shared="false" uninstallMode="0"/>
<entry name="/opt/i4j_jres/Oda-jK0QgTEmVssfllLP/17.0.16.0.101-zulu/lib/libmanagement_ext.so" shared="false" uninstallMode="1"/>
<entry name="/opt/i4j_jres/Oda-jK0QgTEmVssfllLP/17.0.16.0.101-zulu/legal/java.sql.rowset/LICENSE" shared="false" uninstallMode="0"/>
<entry name="/opt/i4j_jres/Oda-jK0QgTEmVssfllLP/17.0.16.0.101-zulu/legal/javafx.graphics/jpeg_fx.md" shared="false" uninstallMode="1"/>
<entry name="/opt/i4j_jres/Oda-jK0QgTEmVssfllLP/17.0.16.0.101-zulu/conf/management/jmxremote.password.template" shared="false" uninstallMode="1"/>
<entry name="/opt/i4j_jres/Oda-jK0QgTEmVssfllLP/17.0.16.0.101-zulu/legal/jdk.management/ADDITIONAL_LICENSE_INFO" shared="false" uninstallMode="0"/>
<entry name="/opt/i4j_jres/Oda-jK0QgTEmVssfllLP/17.0.16.0.101-zulu/bin/jfr" shared="false" uninstallMode="1"/>
<entry name="/opt/i4j_jres/Oda-jK0QgTEmVssfllLP/17.0.16.0.101-zulu/legal/java.rmi/ASSEMBLY_EXCEPTION" shared="false" uninstallMode="0"/>
<entry name="/opt/i4j_jres/Oda-jK0QgTEmVssfllLP/17.0.16.0.101-zulu/legal/java.smartcardio/pcsclite.md" shared="false" uninstallMode="1"/>
<entry name="/opt/i4j_jres/Oda-jK0QgTEmVssfllLP/17.0.16.0.101-zulu/legal/jdk.management.jfr/CLASSPATH_EXCEPTION_NOTE" shared="false" uninstallMode="0"/>
<entry name="/opt/i4j_jres/Oda-jK0QgTEmVssfllLP/17.0.16.0.101-zulu/legal/jdk.crypto.cryptoki/LICENSE" shared="false" uninstallMode="0"/>
<entry name="/opt/i4j_jres/Oda-jK0QgTEmVssfllLP/17.0.16.0.101-zulu/legal/jdk.unsupported/ADDITIONAL_LICENSE_INFO" shared="false" uninstallMode="0"/>
<entry name="/opt/i4j_jres/Oda-jK0QgTEmVssfllLP/17.0.16.0.101-zulu/legal/java.se/CLASSPATH_EXCEPTION_NOTE" shared="false" uninstallMode="0"/>
<entry name="/opt/i4j_jres/Oda-jK0QgTEmVssfllLP/17.0.16.0.101-zulu/legal/jdk.security.auth/ADDITIONAL_LICENSE_INFO" shared="false" uninstallMode="0"/>
<entry name="uninstall" shared="false" uninstallMode="0"/>
<entry name=".install4j/i4j_extf_17_ksapuk.utf8" shared="false" uninstallMode="2"/>
<entry name="jre/lib/i386/server/classes.jsa" shared="false" uninstallMode="0"/>
<entry name="/opt/i4j_jres/Oda-jK0QgTEmVssfllLP/17.0.16.0.101-zulu/legal/jdk.sctp/LICENSE" shared="false" uninstallMode="0"/>
<entry name="/opt/i4j_jres/Oda-jK0QgTEmVssfllLP/17.0.16.0.101-zulu/legal/jdk.internal.ed/ASSEMBLY_EXCEPTION" shared="false" uninstallMode="0"/>
<entry name="/opt/i4j_jres/Oda-jK0QgTEmVssfllLP/17.0.16.0.101-zulu/legal/jdk.net/ASSEMBLY_EXCEPTION" shared="false" uninstallMode="0"/>
<entry name="/opt/i4j_jres/Oda-jK0QgTEmVssfllLP/17.0.16.0.101-zulu/legal/jdk.accessibility/ADDITIONAL_LICENSE_INFO" shared="false" uninstallMode="0"/>
<entry name="/opt/i4j_jres/Oda-jK0QgTEmVssfllLP/17.0.16.0.101-zulu/legal/java.desktop/ADDITIONAL_LICENSE_INFO" shared="false" uninstallMode="0"/>
<entry name="/opt/i4j_jres/Oda-jK0QgTEmVssfllLP/17.0.16.0.101-zulu/legal/jdk.jfr/CLASSPATH_EXCEPTION_NOTE" shared="false" uninstallMode="0"/>
<entry name="/opt/i4j_jres/Oda-jK0QgTEmVssfllLP/17.0.16.0.101-zulu/legal/java.instrument/ADDITIONAL_LICENSE_INFO" shared="false" uninstallMode="0"/>
<entry name="/opt/i4j_jres/Oda-jK0QgTEmVssfllLP/17.0.16.0.101-zulu/legal/javafx.controls/CLASSPATH_EXCEPTION_NOTE" shared="false" uninstallMode="0"/>
<entry name="jre/lib/amd64/server/classes.jsa" shared="false" uninstallMode="0"/>
<entry name="jre/bin/client/classes.jsa" shared="false" uninstallMode="0"/>
<entry name="/opt/i4j_jres/Oda-jK0QgTEmVssfllLP/17.0.16.0.101-zulu/legal/javafx.web/sqlite.md" shared="false" uninstallMode="1"/>
<entry name=".install4j/autoUninstall.1" shared="false" uninstallMode="0"/>
<entry name="/opt/i4j_jres/Oda-jK0QgTEmVssfllLP/17.0.16.0.101-zulu/lib/libsplashscreen.so" shared="false" uninstallMode="1"/>
<entry name="/opt/i4j_jres/Oda-jK0QgTEmVssfllLP/17.0.16.0.101-zulu/legal/java.security.sasl/ASSEMBLY_EXCEPTION" shared="false" uninstallMode="0"/>
<entry name="/opt/i4j_jres/Oda-jK0QgTEmVssfllLP/17.0.16.0.101-zulu/legal/jdk.jsobject/CLASSPATH_EXCEPTION_NOTE" shared="false" uninstallMode="0"/>
<entry name=".install4j/i4j_extf_3_ksapuk.properties" shared="false" uninstallMode="2"/>
<entry name=".install4j/ibgateway.png" shared="false" uninstallMode="2"/>
<entry name="/opt/i4j_jres/Oda-jK0QgTEmVssfllLP/17.0.16.0.101-zulu/legal/jdk.httpserver/LICENSE" shared="false" uninstallMode="0"/>
<entry name="/opt/i4j_jres/Oda-jK0QgTEmVssfllLP/17.0.16.0.101-zulu/legal/jdk.internal.le/CLASSPATH_EXCEPTION_NOTE" shared="false" uninstallMode="0"/>
<entry name="jars/xmlgraphics-commons-2.8.jar" shared="false" uninstallMode="0"/>
<entry name=".install4j/i4j_extf_1_ksapuk.properties" shared="false" uninstallMode="2"/>
<entry name="/opt/i4j_jres/Oda-jK0QgTEmVssfllLP/17.0.16.0.101-zulu/legal/jdk.management.agent/ADDITIONAL_LICENSE_INFO" shared="false" uninstallMode="0"/>
<entry name="/opt/i4j_jres/Oda-jK0QgTEmVssfllLP/17.0.16.0.101-zulu/lib/libjsound.so" shared="false" uninstallMode="1"/>
<entry name="/opt/i4j_jres/Oda-jK0QgTEmVssfllLP/17.0.16.0.101-zulu/legal/java.xml.crypto/ASSEMBLY_EXCEPTION" shared="false" uninstallMode="0"/>
<entry name="/opt/i4j_jres/Oda-jK0QgTEmVssfllLP/17.0.16.0.101-zulu/legal/jdk.management.agent/CLASSPATH_EXCEPTION_NOTE" shared="false" uninstallMode="0"/>
<entry name=".install4j/i4j_extf_25_ksapuk.properties" shared="false" uninstallMode="2"/>
<entry name="/opt/i4j_jres/Oda-jK0QgTEmVssfllLP/17.0.16.0.101-zulu/legal/java.base/public_suffix.md" shared="false" uninstallMode="1"/>
<entry name="/opt/i4j_jres/Oda-jK0QgTEmVssfllLP/17.0.16.0.101-zulu/legal/jdk.jfr/ADDITIONAL_LICENSE_INFO" shared="false" uninstallMode="0"/>
<entry name="/opt/i4j_jres/Oda-jK0QgTEmVssfllLP/17.0.16.0.101-zulu/lib/libjavafx_iio.so" shared="false" uninstallMode="1"/>
<entry name=".install4j/i4j_extf_32_ksapuk.properties" shared="false" uninstallMode="2"/>
<entry name="/opt/i4j_jres/Oda-jK0QgTEmVssfllLP/17.0.16.0.101-zulu/legal/java.desktop/harfbuzz.md" shared="false" uninstallMode="1"/>
<entry name="jars/slf4j-api-2.0.17.jar" shared="false" uninstallMode="0"/>
<entry name=".install4j/i4j_extf_8_ksapuk.properties" shared="false" uninstallMode="2"/>
<entry name="/opt/i4j_jres/Oda-jK0QgTEmVssfllLP/17.0.16.0.101-zulu/legal/java.desktop/ASSEMBLY_EXCEPTION" shared="false" uninstallMode="0"/>
<entry name=".install4j/user.jar" shared="false" uninstallMode="2"/>
<entry name="/opt/i4j_jres/Oda-jK0QgTEmVssfllLP/17.0.16.0.101-zulu/bin/rmiregistry" shared="false" uninstallMode="1"/>
<entry name="/opt/i4j_jres/Oda-jK0QgTEmVssfllLP/17.0.16.0.101-zulu/lib/security/blocked.certs" shared="false" uninstallMode="1"/>
<entry name="/opt/i4j_jres/Oda-jK0QgTEmVssfllLP/17.0.16.0.101-zulu/legal/javafx.base/CLASSPATH_EXCEPTION_NOTE" shared="false" uninstallMode="0"/>
<entry name="/opt/i4j_jres/Oda-jK0QgTEmVssfllLP/17.0.16.0.101-zulu/legal/java.management.rmi/ASSEMBLY_EXCEPTION" shared="false" uninstallMode="0"/>
<entry name="/opt/i4j_jres/Oda-jK0QgTEmVssfllLP/17.0.16.0.101-zulu/lib/libgstreamer-lite.so" shared="false" uninstallMode="1"/>
<entry name="/opt/i4j_jres/Oda-jK0QgTEmVssfllLP/17.0.16.0.101-zulu/lib/libjsig.so" shared="false" uninstallMode="1"/>
<entry name="/opt/i4j_jres/Oda-jK0QgTEmVssfllLP/17.0.16.0.101-zulu/legal/java.security.jgss/CLASSPATH_EXCEPTION_NOTE" shared="false" uninstallMode="0"/>
<entry name="/opt/i4j_jres/Oda-jK0QgTEmVssfllLP/17.0.16.0.101-zulu/lib/libawt_headless.so" shared="false" uninstallMode="1"/>
<entry name="/opt/i4j_jres/Oda-jK0QgTEmVssfllLP/17.0.16.0.101-zulu/lib/libnio.so" shared="false" uninstallMode="1"/>
<entry name="/opt/i4j_jres/Oda-jK0QgTEmVssfllLP/17.0.16.0.101-zulu/legal/jdk.httpserver/ADDITIONAL_LICENSE_INFO" shared="false" uninstallMode="0"/>
<entry name="/opt/i4j_jres/Oda-jK0QgTEmVssfllLP/17.0.16.0.101-zulu/legal/java.desktop/libpng.md" shared="false" uninstallMode="1"/>
<entry name=".install4j/i4j_extf_30_ksapuk.utf8" shared="false" uninstallMode="2"/>
<entry name="/opt/i4j_jres/Oda-jK0QgTEmVssfllLP/17.0.16.0.101-zulu/legal/javafx.controls/LICENSE" shared="false" uninstallMode="0"/>
<entry name="/opt/i4j_jres/Oda-jK0QgTEmVssfllLP/17.0.16.0.101-zulu/lib/libawt_xawt.so" shared="false" uninstallMode="1"/>
<entry name=".install4j/i4j_extf_33_ksapuk.utf8" shared="false" uninstallMode="2"/>
<entry name="/opt/i4j_jres/Oda-jK0QgTEmVssfllLP/17.0.16.0.101-zulu/legal/javafx.graphics/mesa3d.md" shared="false" uninstallMode="0"/>
<entry name="/opt/i4j_jres/Oda-jK0QgTEmVssfllLP/17.0.16.0.101-zulu/lib/libjavafx_font_freetype.so" shared="false" uninstallMode="1"/>
<entry name=".install4j/i4j_extf_36_ksapuk.utf8" shared="false" uninstallMode="2"/>
<entry name="jre/lib/sparc/server/classes.jsa" shared="false" uninstallMode="0"/>
<entry name="/opt/i4j_jres/Oda-jK0QgTEmVssfllLP/17.0.16.0.101-zulu/conf/sdp/sdp.conf.template" shared="false" uninstallMode="1"/>
<entry name="/opt/i4j_jres/Oda-jK0QgTEmVssfllLP/17.0.16.0.101-zulu/legal/java.xml/xerces.md" shared="false" uninstallMode="1"/>
<entry name=".install4j/i4j_extf_38_ksapuk.utf8" shared="false" uninstallMode="2"/>
<entry name="/opt/i4j_jres/Oda-jK0QgTEmVssfllLP/17.0.16.0.101-zulu/lib/jvm.cfg" shared="false" uninstallMode="1"/>
<entry name="/opt/i4j_jres/Oda-jK0QgTEmVssfllLP/17.0.16.0.101-zulu/legal/jdk.accessibility/LICENSE" shared="false" uninstallMode="0"/>
<entry name="/opt/i4j_jres/Oda-jK0QgTEmVssfllLP/17.0.16.0.101-zulu/lib/psfont.properties.ja" shared="false" uninstallMode="1"/>
<entry name="jars/commons-io-2.11.0.jar" shared="false" uninstallMode="0"/>
<entry name=".install4j/i4j_extf_9_ksapuk.utf8" shared="false" uninstallMode="2"/>
<entry name="/opt/i4j_jres/Oda-jK0QgTEmVssfllLP/17.0.16.0.101-zulu/lib/libavplugin-ffmpeg-57.so" shared="false" uninstallMode="1"/>
<entry name=".install4j/s_clyey9.png" shared="false" uninstallMode="2"/>
<entry name=".install4j/launcher2bfa42ba.jar" shared="false" uninstallMode="2"/>
<entry name=".install4j/i4j_extf_7_ksapuk.utf8" shared="false" uninstallMode="2"/>
<entry name="/opt/i4j_jres/Oda-jK0QgTEmVssfllLP/17.0.16.0.101-zulu/legal/jdk.management.agent/LICENSE" shared="false" uninstallMode="0"/>
<entry name="/opt/i4j_jres/Oda-jK0QgTEmVssfllLP/17.0.16.0.101-zulu/lib/psfontj2d.properties" shared="false" uninstallMode="1"/>
<entry name="/opt/i4j_jres/Oda-jK0QgTEmVssfllLP/17.0.16.0.101-zulu/legal/java.security.sasl/LICENSE" shared="false" uninstallMode="0"/>
<entry name="/opt/i4j_jres/Oda-jK0QgTEmVssfllLP/17.0.16.0.101-zulu/legal/jdk.crypto.ec/ASSEMBLY_EXCEPTION" shared="false" uninstallMode="0"/>
<entry name="/opt/i4j_jres/Oda-jK0QgTEmVssfllLP/17.0.16.0.101-zulu/legal/javafx.web/libxml2.md" shared="false" uninstallMode="1"/>
<entry name="/opt/i4j_jres/Oda-jK0QgTEmVssfllLP/17.0.16.0.101-zulu/legal/java.sql.rowset/ASSEMBLY_EXCEPTION" shared="false" uninstallMode="0"/>
<entry name=".install4j/MessagesDefault" shared="false" uninstallMode="2"/>
<entry name="/opt/i4j_jres/Oda-jK0QgTEmVssfllLP/17.0.16.0.101-zulu/legal/java.xml/LICENSE" shared="false" uninstallMode="0"/>
<entry name="/opt/i4j_jres/Oda-jK0QgTEmVssfllLP/17.0.16.0.101-zulu/legal/jdk.accessibility/ASSEMBLY_EXCEPTION" shared="false" uninstallMode="0"/>
<entry name="/opt/i4j_jres/Oda-jK0QgTEmVssfllLP/17.0.16.0.101-zulu/lib/liblcms.so" shared="false" uninstallMode="1"/>
<entry name="/opt/i4j_jres/Oda-jK0QgTEmVssfllLP/17.0.16.0.101-zulu/lib/libdt_socket.so" shared="false" uninstallMode="1"/>
<entry name="/opt/i4j_jres/Oda-jK0QgTEmVssfllLP/17.0.16.0.101-zulu/lib/libjavafx_font.so" shared="false" uninstallMode="1"/>
<entry name="/opt/i4j_jres/Oda-jK0QgTEmVssfllLP/17.0.16.0.101-zulu/legal/java.xml.crypto/LICENSE" shared="false" uninstallMode="0"/>
<entry name="/opt/i4j_jres/Oda-jK0QgTEmVssfllLP/17.0.16.0.101-zulu/legal/jdk.unsupported.desktop/LICENSE" shared="false" uninstallMode="0"/>
<entry name="/opt/i4j_jres/Oda-jK0QgTEmVssfllLP/17.0.16.0.101-zulu/legal/javafx.media/ADDITIONAL_LICENSE_INFO" shared="false" uninstallMode="0"/>
<entry name="/opt/i4j_jres/Oda-jK0QgTEmVssfllLP/17.0.16.0.101-zulu/legal/jdk.internal.ed/LICENSE" shared="false" uninstallMode="0"/>
<entry name="/opt/i4j_jres/Oda-jK0QgTEmVssfllLP/17.0.16.0.101-zulu/conf/security/java.security" shared="false" uninstallMode="1"/>
<entry name="/opt/i4j_jres/Oda-jK0QgTEmVssfllLP/17.0.16.0.101-zulu/lib/libzip.so" shared="false" uninstallMode="1"/>
<entry name="/opt/i4j_jres/Oda-jK0QgTEmVssfllLP/17.0.16.0.101-zulu/legal/java.net.http/ASSEMBLY_EXCEPTION" shared="false" uninstallMode="0"/>
<entry name="/opt/i4j_jres/Oda-jK0QgTEmVssfllLP/17.0.16.0.101-zulu/legal/jdk.security.auth/LICENSE" shared="false" uninstallMode="0"/>
<entry name=".install4j/i4j_extf_26_ksapuk.utf8" shared="false" uninstallMode="2"/>
<entry name="/opt/i4j_jres/Oda-jK0QgTEmVssfllLP/17.0.16.0.101-zulu/legal/jdk.charsets/CLASSPATH_EXCEPTION_NOTE" shared="false" uninstallMode="0"/>
<entry name="/opt/i4j_jres/Oda-jK0QgTEmVssfllLP/17.0.16.0.101-zulu/lib/security/public_suffix_list.dat" shared="false" uninstallMode="1"/>
<entry name=".install4j/i4j_extf_13_ksapuk.properties" shared="false" uninstallMode="2"/>
<entry name=".install4j/i4j_extf_24_ksapuk.utf8" shared="false" uninstallMode="2"/>
<entry name="/opt/i4j_jres/Oda-jK0QgTEmVssfllLP/17.0.16.0.101-zulu/conf/security/java.policy" shared="false" uninstallMode="1"/>
<entry name="/opt/i4j_jres/Oda-jK0QgTEmVssfllLP/17.0.16.0.101-zulu/legal/jdk.attach/LICENSE" shared="false" uninstallMode="0"/>
<entry name="/opt/i4j_jres/Oda-jK0QgTEmVssfllLP/17.0.16.0.101-zulu/lib/libavplugin-54.so" shared="false" uninstallMode="1"/>
<entry name="/opt/i4j_jres/Oda-jK0QgTEmVssfllLP/17.0.16.0.101-zulu/legal/java.security.sasl/ADDITIONAL_LICENSE_INFO" shared="false" uninstallMode="0"/>
<entry name="/opt/i4j_jres/Oda-jK0QgTEmVssfllLP/17.0.16.0.101-zulu/legal/jdk.zipfs/LICENSE" shared="false" uninstallMode="0"/>
<entry name="/opt/i4j_jres/Oda-jK0QgTEmVssfllLP/17.0.16.0.101-zulu/legal/jdk.httpserver/ASSEMBLY_EXCEPTION" shared="false" uninstallMode="0"/>
<entry name="/opt/i4j_jres/Oda-jK0QgTEmVssfllLP/17.0.16.0.101-zulu/legal/javafx.base/ASSEMBLY_EXCEPTION" shared="false" uninstallMode="0"/>
<entry name="/opt/i4j_jres/Oda-jK0QgTEmVssfllLP/17.0.16.0.101-zulu/legal/java.base/CLASSPATH_EXCEPTION_NOTE" shared="false" uninstallMode="1"/>
<entry name="/opt/i4j_jres/Oda-jK0QgTEmVssfllLP/17.0.16.0.101-zulu/legal/jdk.crypto.ec/LICENSE" shared="false" uninstallMode="0"/>
<entry name="/opt/i4j_jres/Oda-jK0QgTEmVssfllLP/17.0.16.0.101-zulu/legal/java.net.http/ADDITIONAL_LICENSE_INFO" shared="false" uninstallMode="0"/>
<entry name="/opt/i4j_jres/Oda-jK0QgTEmVssfllLP/17.0.16.0.101-zulu/lib/javafx-swt.jar" shared="false" uninstallMode="1"/>
<entry name="/opt/i4j_jres/Oda-jK0QgTEmVssfllLP/17.0.16.0.101-zulu/legal/jdk.naming.rmi/CLASSPATH_EXCEPTION_NOTE" shared="false" uninstallMode="0"/>
<entry name=".install4j/i4j_extf_41_ksapuk.utf8" shared="false" uninstallMode="2"/>
<entry name=".install4j/i4j_extf_22_ksapuk.utf8" shared="false" uninstallMode="2"/>
<entry name=".install4j/i4j_extf_20_ksapuk.utf8" shared="false" uninstallMode="2"/>
<entry name="/opt/i4j_jres/Oda-jK0QgTEmVssfllLP/17.0.16.0.101-zulu/legal/jdk.unsupported.desktop/CLASSPATH_EXCEPTION_NOTE" shared="false" uninstallMode="0"/>
<entry name="/opt/i4j_jres/Oda-jK0QgTEmVssfllLP/17.0.16.0.101-zulu/legal/java.rmi/LICENSE" shared="false" uninstallMode="0"/>
<entry name="/opt/i4j_jres/Oda-jK0QgTEmVssfllLP/17.0.16.0.101-zulu/legal/java.xml.crypto/ADDITIONAL_LICENSE_INFO" shared="false" uninstallMode="0"/>
<entry name="/opt/i4j_jres/Oda-jK0QgTEmVssfllLP/17.0.16.0.101-zulu/conf/security/policy/README.txt" shared="false" uninstallMode="1"/>
<entry name=".install4j/i4j_extf_16_ksapuk.properties" shared="false" uninstallMode="2"/>
<entry name="/opt/i4j_jres/Oda-jK0QgTEmVssfllLP/17.0.16.0.101-zulu/legal/java.base/LICENSE" shared="false" uninstallMode="1"/>
<entry name="/opt/i4j_jres/Oda-jK0QgTEmVssfllLP/17.0.16.0.101-zulu/legal/jdk.dynalink/ADDITIONAL_LICENSE_INFO" shared="false" uninstallMode="0"/>
<entry name="/opt/i4j_jres/Oda-jK0QgTEmVssfllLP/17.0.16.0.101-zulu/lib/libjimage.so" shared="false" uninstallMode="1"/>
<entry name=".install4j/libi4jinst.dylib" shared="false" uninstallMode="2"/>
<entry name="/opt/i4j_jres/Oda-jK0QgTEmVssfllLP/17.0.16.0.101-zulu/legal/java.prefs/LICENSE" shared="false" uninstallMode="0"/>
<entry name="/opt/i4j_jres/Oda-jK0QgTEmVssfllLP/17.0.16.0.101-zulu/lib/libfreetype.so" shared="false" uninstallMode="1"/>
<entry name="/opt/i4j_jres/Oda-jK0QgTEmVssfllLP/17.0.16.0.101-zulu/lib/libavplugin-56.so" shared="false" uninstallMode="1"/>
<entry name="/opt/i4j_jres/Oda-jK0QgTEmVssfllLP/17.0.16.0.101-zulu/lib/libj2pkcs11.so" shared="false" uninstallMode="1"/>
<entry name="/opt/i4j_jres/Oda-jK0QgTEmVssfllLP/17.0.16.0.101-zulu/legal/javafx.controls/ASSEMBLY_EXCEPTION" shared="false" uninstallMode="0"/>
<entry name="/opt/i4j_jres/Oda-jK0QgTEmVssfllLP/17.0.16.0.101-zulu/legal/jdk.unsupported/LICENSE" shared="false" uninstallMode="0"/>
<entry name="/opt/i4j_jres/Oda-jK0QgTEmVssfllLP/17.0.16.0.101-zulu/include/jvmti.h" shared="false" uninstallMode="1"/>
<entry name="IB Gateway 10.45.desktop" shared="false" uninstallMode="0"/>
<entry name="/opt/i4j_jres/Oda-jK0QgTEmVssfllLP/17.0.16.0.101-zulu/legal/java.datatransfer/ASSEMBLY_EXCEPTION" shared="false" uninstallMode="0"/>
<entry name="/opt/i4j_jres/Oda-jK0QgTEmVssfllLP/17.0.16.0.101-zulu/bin/keytool" shared="false" uninstallMode="1"/>
<entry name="/opt/i4j_jres/Oda-jK0QgTEmVssfllLP/17.0.16.0.101-zulu/legal/javafx.swing/ASSEMBLY_EXCEPTION" shared="false" uninstallMode="0"/>
<entry name="/opt/i4j_jres/Oda-jK0QgTEmVssfllLP/17.0.16.0.101-zulu/legal/jdk.management.agent/ASSEMBLY_EXCEPTION" shared="false" uninstallMode="0"/>
<entry name="/opt/i4j_jres/Oda-jK0QgTEmVssfllLP/17.0.16.0.101-zulu/legal/java.compiler/CLASSPATH_EXCEPTION_NOTE" shared="false" uninstallMode="0"/>
<entry name="/opt/i4j_jres/Oda-jK0QgTEmVssfllLP/17.0.16.0.101-zulu/legal/jdk.naming.dns/CLASSPATH_EXCEPTION_NOTE" shared="false" uninstallMode="0"/>
<entry name="jars/oshi-core-6.7.0.jar" shared="false" uninstallMode="0"/>
<entry name=".install4j/i4j_extf_44_ksapuk_18gg8kx@2x_dark.png" shared="false" uninstallMode="2"/>
<entry name="/opt/i4j_jres/Oda-jK0QgTEmVssfllLP/17.0.16.0.101-zulu/lib/libavplugin-ffmpeg-58.so" shared="false" uninstallMode="1"/>
<entry name="/opt/i4j_jres/Oda-jK0QgTEmVssfllLP/17.0.16.0.101-zulu/lib/libprism_sw.so" shared="false" uninstallMode="1"/>
<entry name="/opt/i4j_jres/Oda-jK0QgTEmVssfllLP/17.0.16.0.101-zulu/legal/java.instrument/LICENSE" shared="false" uninstallMode="0"/>
<entry name="/opt/i4j_jres/Oda-jK0QgTEmVssfllLP/17.0.16.0.101-zulu/legal/java.base/aes.md" shared="false" uninstallMode="1"/>
<entry name="/opt/i4j_jres/Oda-jK0QgTEmVssfllLP/17.0.16.0.101-zulu/conf/management/jmxremote.access" shared="false" uninstallMode="1"/>
<entry name="/opt/i4j_jres/Oda-jK0QgTEmVssfllLP/17.0.16.0.101-zulu/legal/jdk.naming.rmi/LICENSE" shared="false" uninstallMode="0"/>
<entry name="jre/lib/i386/client/classes.jsa" shared="false" uninstallMode="0"/>
<entry name="jars/total-2024.jar" shared="false" uninstallMode="0"/>
<entry name="/opt/i4j_jres/Oda-jK0QgTEmVssfllLP/17.0.16.0.101-zulu/legal/jdk.naming.dns/ASSEMBLY_EXCEPTION" shared="false" uninstallMode="0"/>
<entry name="/opt/i4j_jres/Oda-jK0QgTEmVssfllLP/17.0.16.0.101-zulu/legal/jdk.net/CLASSPATH_EXCEPTION_NOTE" shared="false" uninstallMode="0"/>
<entry name="/opt/i4j_jres/Oda-jK0QgTEmVssfllLP/17.0.16.0.101-zulu/lib/libglassgtk3.so" shared="false" uninstallMode="1"/>
<entry name=".install4j/install4j_xskeoq-ibgateway.desktop" shared="false" uninstallMode="2"/>
<entry name="/opt/i4j_jres/Oda-jK0QgTEmVssfllLP/17.0.16.0.101-zulu/man/man1/jrunscript.1" shared="false" uninstallMode="1"/>
<entry name="/opt/i4j_jres/Oda-jK0QgTEmVssfllLP/17.0.16.0.101-zulu/legal/jdk.internal.le/ASSEMBLY_EXCEPTION" shared="false" uninstallMode="0"/>
<entry name="/opt/i4j_jres/Oda-jK0QgTEmVssfllLP/17.0.16.0.101-zulu/lib/libavplugin-ffmpeg-59.so" shared="false" uninstallMode="1"/>
<entry name="/usr/local/bin/ibgateway" shared="false" uninstallMode="0"/>
<entry name="/opt/i4j_jres/Oda-jK0QgTEmVssfllLP/17.0.16.0.101-zulu/legal/jdk.attach/ADDITIONAL_LICENSE_INFO" shared="false" uninstallMode="0"/>
<entry name="/opt/i4j_jres/Oda-jK0QgTEmVssfllLP/17.0.16.0.101-zulu/legal/java.xml/ASSEMBLY_EXCEPTION" shared="false" uninstallMode="0"/>
<entry name="/opt/i4j_jres/Oda-jK0QgTEmVssfllLP/17.0.16.0.101-zulu/legal/java.logging/ADDITIONAL_LICENSE_INFO" shared="false" uninstallMode="0"/>
<entry name="/opt/i4j_jres/Oda-jK0QgTEmVssfllLP/17.0.16.0.101-zulu/legal/javafx.fxml/ASSEMBLY_EXCEPTION" shared="false" uninstallMode="0"/>
<entry name="/opt/i4j_jres/Oda-jK0QgTEmVssfllLP/17.0.16.0.101-zulu/legal/javafx.graphics/ASSEMBLY_EXCEPTION" shared="false" uninstallMode="0"/>
<entry name="/opt/i4j_jres/Oda-jK0QgTEmVssfllLP/17.0.16.0.101-zulu/legal/jdk.crypto.cryptoki/ASSEMBLY_EXCEPTION" shared="false" uninstallMode="0"/>
<entry name="/opt/i4j_jres/Oda-jK0QgTEmVssfllLP/17.0.16.0.101-zulu/include/jdwpTransport.h" shared="false" uninstallMode="1"/>
<entry name="data/audit.xsl" shared="false" uninstallMode="0"/>
<entry name="/opt/i4j_jres/Oda-jK0QgTEmVssfllLP/17.0.16.0.101-zulu/legal/java.naming/LICENSE" shared="false" uninstallMode="0"/>
<entry name="/opt/i4j_jres/Oda-jK0QgTEmVssfllLP/17.0.16.0.101-zulu/release" shared="false" uninstallMode="1"/>
<entry name="/opt/i4j_jres/Oda-jK0QgTEmVssfllLP/17.0.16.0.101-zulu/legal/jdk.naming.rmi/ADDITIONAL_LICENSE_INFO" shared="false" uninstallMode="0"/>
<entry name="/opt/i4j_jres/Oda-jK0QgTEmVssfllLP/17.0.16.0.101-zulu/legal/jdk.internal.le/jline.md" shared="false" uninstallMode="1"/>
<entry name="/opt/i4j_jres/Oda-jK0QgTEmVssfllLP/17.0.16.0.101-zulu/legal/java.datatransfer/ADDITIONAL_LICENSE_INFO" shared="false" uninstallMode="0"/>
<entry name="/opt/i4j_jres/Oda-jK0QgTEmVssfllLP/17.0.16.0.101-zulu/lib/libjaas.so" shared="false" uninstallMode="1"/>
<entry name="/opt/i4j_jres/Oda-jK0QgTEmVssfllLP/17.0.16.0.101-zulu/conf/security/policy/unlimited/default_local.policy" shared="false" uninstallMode="1"/>
<entry name=".install4j/i4j_extf_35_ksapuk.utf8" shared="false" uninstallMode="2"/>
<entry name="jars/core-3.5.3.jar" shared="false" uninstallMode="0"/>
<entry name="/opt/i4j_jres/Oda-jK0QgTEmVssfllLP/17.0.16.0.101-zulu/lib/libawt.so" shared="false" uninstallMode="1"/>
<entry name="/opt/i4j_jres/Oda-jK0QgTEmVssfllLP/17.0.16.0.101-zulu/legal/jdk.dynalink/ASSEMBLY_EXCEPTION" shared="false" uninstallMode="0"/>
<entry name="/opt/i4j_jres/Oda-jK0QgTEmVssfllLP/17.0.16.0.101-zulu/legal/java.smartcardio/ADDITIONAL_LICENSE_INFO" shared="false" uninstallMode="0"/>
<entry name="/opt/i4j_jres/Oda-jK0QgTEmVssfllLP/17.0.16.0.101-zulu/legal/javafx.web/CLASSPATH_EXCEPTION_NOTE" shared="false" uninstallMode="0"/>
<entry name="/opt/i4j_jres/Oda-jK0QgTEmVssfllLP/17.0.16.0.101-zulu/legal/java.sql/LICENSE" shared="false" uninstallMode="0"/>
<entry name="/opt/i4j_jres/Oda-jK0QgTEmVssfllLP/17.0.16.0.101-zulu/legal/jdk.unsupported.desktop/ASSEMBLY_EXCEPTION" shared="false" uninstallMode="0"/>
<entry name=".install4j/launcherd958696.jar" shared="false" uninstallMode="2"/>
<entry name="/opt/i4j_jres/Oda-jK0QgTEmVssfllLP/17.0.16.0.101-zulu/lib/libj2gss.so" shared="false" uninstallMode="1"/>
<entry name="/opt/i4j_jres/Oda-jK0QgTEmVssfllLP/17.0.16.0.101-zulu/legal/javafx.web/ASSEMBLY_EXCEPTION" shared="false" uninstallMode="0"/>
<entry name="/opt/i4j_jres/Oda-jK0QgTEmVssfllLP/17.0.16.0.101-zulu/legal/jdk.security.jgss/LICENSE" shared="false" uninstallMode="0"/>
<entry name="/opt/i4j_jres/Oda-jK0QgTEmVssfllLP/17.0.16.0.101-zulu/legal/java.xml.crypto/santuario.md" shared="false" uninstallMode="1"/>
<entry name="/opt/i4j_jres/Oda-jK0QgTEmVssfllLP/17.0.16.0.101-zulu/legal/java.transaction.xa/LICENSE" shared="false" uninstallMode="0"/>
<entry name="/opt/i4j_jres/Oda-jK0QgTEmVssfllLP/17.0.16.0.101-zulu/lib/librmi.so" shared="false" uninstallMode="1"/>
<entry name="/opt/i4j_jres/Oda-jK0QgTEmVssfllLP/17.0.16.0.101-zulu/conf/security/policy/limited/exempt_local.policy" shared="false" uninstallMode="1"/>
<entry name="/opt/i4j_jres/Oda-jK0QgTEmVssfllLP/17.0.16.0.101-zulu/conf/sound.properties" shared="false" uninstallMode="1"/>
<entry name="/opt/i4j_jres/Oda-jK0QgTEmVssfllLP/17.0.16.0.101-zulu/legal/jdk.management.jfr/ADDITIONAL_LICENSE_INFO" shared="false" uninstallMode="0"/>
<entry name="/opt/i4j_jres/Oda-jK0QgTEmVssfllLP/17.0.16.0.101-zulu/legal/jdk.jsobject/ADDITIONAL_LICENSE_INFO" shared="false" uninstallMode="0"/>
<entry name=".install4j/i4j_extf_34_ksapuk.properties" shared="false" uninstallMode="2"/>
<entry name=".install4j/i4j_extf_44_ksapuk_18gg8kx_dark.png" shared="false" uninstallMode="2"/>
<entry name="/opt/i4j_jres/Oda-jK0QgTEmVssfllLP/17.0.16.0.101-zulu/legal/jdk.management/LICENSE" shared="false" uninstallMode="0"/>
<entry name=".install4j/i4j_extf_42_ksapuk_czgnkz.ico" shared="false" uninstallMode="2"/>
<entry name="/opt/i4j_jres/Oda-jK0QgTEmVssfllLP/17.0.16.0.101-zulu/lib/libjavajpeg.so" shared="false" uninstallMode="1"/>
<entry name="/opt/i4j_jres/Oda-jK0QgTEmVssfllLP/17.0.16.0.101-zulu/legal/java.management/CLASSPATH_EXCEPTION_NOTE" shared="false" uninstallMode="0"/>
<entry name="jars/jna-platform-5.16.0.jar" shared="false" uninstallMode="0"/>
<entry name="jars/twslaunch-install4j-1.12.jar" shared="false" uninstallMode="0"/>
<entry name=".install4j/i4j_extf_43_ksapuk_d36cl.png" shared="false" uninstallMode="2"/>
<entry name="/opt/i4j_jres/Oda-jK0QgTEmVssfllLP/17.0.16.0.101-zulu/legal/java.security.jgss/LICENSE" shared="false" uninstallMode="0"/>
<entry name=".install4j/i4j_extf_44_ksapuk_18gg8kx@2x.png" shared="false" uninstallMode="2"/>
<entry name="/opt/i4j_jres/Oda-jK0QgTEmVssfllLP/17.0.16.0.101-zulu/include/jawt.h" shared="false" uninstallMode="1"/>
<entry name="/opt/i4j_jres/Oda-jK0QgTEmVssfllLP/17.0.16.0.101-zulu/legal/jdk.crypto.cryptoki/ADDITIONAL_LICENSE_INFO" shared="false" uninstallMode="0"/>
<entry name="/opt/i4j_jres/Oda-jK0QgTEmVssfllLP/17.0.16.0.101-zulu/legal/javafx.graphics/CLASSPATH_EXCEPTION_NOTE" shared="false" uninstallMode="0"/>
<entry name="/opt/i4j_jres/Oda-jK0QgTEmVssfllLP/17.0.16.0.101-zulu/include/linux/jni_md.h" shared="false" uninstallMode="1"/>
<entry name="/opt/i4j_jres/Oda-jK0QgTEmVssfllLP/17.0.16.0.101-zulu/lib/tzdb.dat" shared="false" uninstallMode="1"/>
<entry name="/opt/i4j_jres/Oda-jK0QgTEmVssfllLP/17.0.16.0.101-zulu/legal/jdk.localedata/LICENSE" shared="false" uninstallMode="0"/>
<entry name="/opt/i4j_jres/Oda-jK0QgTEmVssfllLP/17.0.16.0.101-zulu/man/man1/java.1" shared="false" uninstallMode="1"/>
<entry name=".install4j/i4j_extf_29_ksapuk.utf8" shared="false" uninstallMode="2"/>
<entry name="/opt/i4j_jres/Oda-jK0QgTEmVssfllLP/17.0.16.0.101-zulu/legal/java.management.rmi/ADDITIONAL_LICENSE_INFO" shared="false" uninstallMode="0"/>
<entry name=".install4j/launcher3257f6f9.jar" shared="false" uninstallMode="2"/>
<entry name="/opt/i4j_jres/Oda-jK0QgTEmVssfllLP/17.0.16.0.101-zulu/legal/java.base/icu.md" shared="false" uninstallMode="1"/>
<entry name="/opt/i4j_jres/Oda-jK0QgTEmVssfllLP/17.0.16.0.101-zulu/legal/javafx.media/directshow.md" shared="false" uninstallMode="1"/>
<entry name="/opt/i4j_jres/Oda-jK0QgTEmVssfllLP/17.0.16.0.101-zulu/legal/java.compiler/LICENSE" shared="false" uninstallMode="0"/>
<entry name="/opt/i4j_jres/Oda-jK0QgTEmVssfllLP/17.0.16.0.101-zulu/legal/java.prefs/ASSEMBLY_EXCEPTION" shared="false" uninstallMode="0"/>
<entry name="/opt/i4j_jres/Oda-jK0QgTEmVssfllLP/17.0.16.0.101-zulu/lib/libsctp.so" shared="false" uninstallMode="1"/>
<entry name="/opt/i4j_jres/Oda-jK0QgTEmVssfllLP/17.0.16.0.101-zulu/legal/java.datatransfer/LICENSE" shared="false" uninstallMode="0"/>
<entry name="/opt/i4j_jres/Oda-jK0QgTEmVssfllLP/17.0.16.0.101-zulu/legal/java.xml/ADDITIONAL_LICENSE_INFO" shared="false" uninstallMode="0"/>
<entry name="/opt/i4j_jres/Oda-jK0QgTEmVssfllLP/17.0.16.0.101-zulu/legal/javafx.fxml/ADDITIONAL_LICENSE_INFO" shared="false" uninstallMode="0"/>
<entry name=".install4j/i4j_extf_4_ksapuk.utf8" shared="false" uninstallMode="2"/>
<entry name="/opt/i4j_jres/Oda-jK0QgTEmVssfllLP/17.0.16.0.101-zulu/legal/java.transaction.xa/CLASSPATH_EXCEPTION_NOTE" shared="false" uninstallMode="0"/>
<entry name="/opt/i4j_jres/Oda-jK0QgTEmVssfllLP/17.0.16.0.101-zulu/legal/java.smartcardio/ASSEMBLY_EXCEPTION" shared="false" uninstallMode="0"/>
<entry name=".install4j/i4j_extf_21_ksapuk.properties" shared="false" uninstallMode="2"/>
<entry name="/opt/i4j_jres/Oda-jK0QgTEmVssfllLP/17.0.16.0.101-zulu/legal/java.naming/ASSEMBLY_EXCEPTION" shared="false" uninstallMode="0"/>
<entry name="/opt/i4j_jres/Oda-jK0QgTEmVssfllLP/17.0.16.0.101-zulu/legal/java.compiler/ASSEMBLY_EXCEPTION" shared="false" uninstallMode="0"/>
<entry name=".install4j/i4j_extf_0_ksapuk.utf8" shared="false" uninstallMode="2"/>
<entry name="/opt/i4j_jres/Oda-jK0QgTEmVssfllLP/17.0.16.0.101-zulu/legal/java.instrument/ASSEMBLY_EXCEPTION" shared="false" uninstallMode="0"/>
<entry name="/opt/i4j_jres/Oda-jK0QgTEmVssfllLP/17.0.16.0.101-zulu/legal/jdk.internal.le/LICENSE" shared="false" uninstallMode="0"/>
<entry name="/opt/i4j_jres/Oda-jK0QgTEmVssfllLP/17.0.16.0.101-zulu/legal/jdk.localedata/CLASSPATH_EXCEPTION_NOTE" shared="false" uninstallMode="0"/>
<entry name="/opt/i4j_jres/Oda-jK0QgTEmVssfllLP/17.0.16.0.101-zulu/legal/jdk.sctp/ASSEMBLY_EXCEPTION" shared="false" uninstallMode="0"/>
<entry name="/opt/i4j_jres/Oda-jK0QgTEmVssfllLP/17.0.16.0.101-zulu/legal/jdk.dynalink/CLASSPATH_EXCEPTION_NOTE" shared="false" uninstallMode="0"/>
<entry name="/opt/i4j_jres/Oda-jK0QgTEmVssfllLP/17.0.16.0.101-zulu/lib/libjfxwebkit.so" shared="false" uninstallMode="1"/>
<entry name=".install4j/i4j_extf_15_ksapuk.utf8" shared="false" uninstallMode="2"/>
<entry name="/opt/i4j_jres/Oda-jK0QgTEmVssfllLP/17.0.16.0.101-zulu/legal/java.net.http/LICENSE" shared="false" uninstallMode="0"/>
<entry name="/opt/i4j_jres/Oda-jK0QgTEmVssfllLP/17.0.16.0.101-zulu/legal/java.rmi/ADDITIONAL_LICENSE_INFO" shared="false" uninstallMode="0"/>
<entry name="/opt/i4j_jres/Oda-jK0QgTEmVssfllLP/17.0.16.0.101-zulu/legal/java.desktop/freetype.md" shared="false" uninstallMode="1"/>
<entry name="/opt/i4j_jres/Oda-jK0QgTEmVssfllLP/17.0.16.0.101-zulu/legal/jdk.unsupported/CLASSPATH_EXCEPTION_NOTE" shared="false" uninstallMode="0"/>
<entry name="/opt/i4j_jres/Oda-jK0QgTEmVssfllLP/17.0.16.0.101-zulu/legal/java.se/LICENSE" shared="false" uninstallMode="0"/>
<entry name="/opt/i4j_jres/Oda-jK0QgTEmVssfllLP/17.0.16.0.101-zulu/lib/libjdwp.so" shared="false" uninstallMode="1"/>
<entry name="/opt/i4j_jres/Oda-jK0QgTEmVssfllLP/17.0.16.0.101-zulu/lib/libprism_common.so" shared="false" uninstallMode="1"/>
<entry name=".install4j/i4j_extf_14_ksapuk.utf8" shared="false" uninstallMode="2"/>
<entry name="/opt/i4j_jres/Oda-jK0QgTEmVssfllLP/17.0.16.0.101-zulu/legal/java.scripting/CLASSPATH_EXCEPTION_NOTE" shared="false" uninstallMode="0"/>
<entry name="/opt/i4j_jres/Oda-jK0QgTEmVssfllLP/17.0.16.0.101-zulu/lib/libj2pcsc.so" shared="false" uninstallMode="1"/>
<entry name="ibgateway" shared="false" uninstallMode="0"/>
<entry name=".install4j/i4j_extf_44_ksapuk_18gg8kx.png" shared="false" uninstallMode="2"/>
<entry name="/opt/i4j_jres/Oda-jK0QgTEmVssfllLP/17.0.16.0.101-zulu/legal/java.desktop/CLASSPATH_EXCEPTION_NOTE" shared="false" uninstallMode="0"/>
<entry name="/opt/i4j_jres/Oda-jK0QgTEmVssfllLP/17.0.16.0.101-zulu/legal/jdk.net/ADDITIONAL_LICENSE_INFO" shared="false" uninstallMode="0"/>
<entry name=".install4j/i4j_extf_28_ksapuk.properties" shared="false" uninstallMode="2"/>
<entry name="/opt/i4j_jres/Oda-jK0QgTEmVssfllLP/17.0.16.0.101-zulu/legal/java.transaction.xa/ASSEMBLY_EXCEPTION" shared="false" uninstallMode="0"/>
<entry name="/opt/i4j_jres/Oda-jK0QgTEmVssfllLP/17.0.16.0.101-zulu/legal/jdk.crypto.cryptoki/pkcs11wrapper.md" shared="false" uninstallMode="1"/>
<entry name=".install4j/i4j_extf_5_ksapuk.properties" shared="false" uninstallMode="2"/>
<entry name="/opt/i4j_jres/Oda-jK0QgTEmVssfllLP/17.0.16.0.101-zulu/legal/jdk.charsets/LICENSE" shared="false" uninstallMode="0"/>
<entry name="/opt/i4j_jres/Oda-jK0QgTEmVssfllLP/17.0.16.0.101-zulu/legal/javafx.swing/CLASSPATH_EXCEPTION_NOTE" shared="false" uninstallMode="0"/>
<entry name=".install4j/i4j_extf_19_ksapuk.utf8" shared="false" uninstallMode="2"/>
<entry name="/opt/i4j_jres/Oda-jK0QgTEmVssfllLP/17.0.16.0.101-zulu/conf/management/management.properties" shared="false" uninstallMode="1"/>
<entry name=".install4j/uninstall.png" shared="false" uninstallMode="2"/>
<entry name="/opt/i4j_jres/Oda-jK0QgTEmVssfllLP/17.0.16.0.101-zulu/legal/jdk.internal.jvmstat/ASSEMBLY_EXCEPTION" shared="false" uninstallMode="0"/>
<entry name="/opt/i4j_jres/Oda-jK0QgTEmVssfllLP/17.0.16.0.101-zulu/legal/jdk.jdwp.agent/CLASSPATH_EXCEPTION_NOTE" shared="false" uninstallMode="0"/>
<entry name="/opt/i4j_jres/Oda-jK0QgTEmVssfllLP/17.0.16.0.101-zulu/legal/java.logging/CLASSPATH_EXCEPTION_NOTE" shared="false" uninstallMode="0"/>
<entry name="/opt/i4j_jres/Oda-jK0QgTEmVssfllLP/17.0.16.0.101-zulu/legal/jdk.xml.dom/ASSEMBLY_EXCEPTION" shared="false" uninstallMode="0"/>
<entry name="/opt/i4j_jres/Oda-jK0QgTEmVssfllLP/17.0.16.0.101-zulu/lib/jfr/default.jfc" shared="false" uninstallMode="1"/>
<entry name="/opt/i4j_jres/Oda-jK0QgTEmVssfllLP/17.0.16.0.101-zulu/legal/java.desktop/jpeg.md" shared="false" uninstallMode="1"/>
<entry name="/opt/i4j_jres/Oda-jK0QgTEmVssfllLP/17.0.16.0.101-zulu/legal/jdk.sctp/ADDITIONAL_LICENSE_INFO" shared="false" uninstallMode="0"/>
<entry name="/opt/i4j_jres/Oda-jK0QgTEmVssfllLP/17.0.16.0.101-zulu/legal/jdk.security.auth/ASSEMBLY_EXCEPTION" shared="false" uninstallMode="0"/>
<entry name=".install4j/stats.properties" shared="false" uninstallMode="2"/>
<entry name=".install4j/installation.log" shared="false" uninstallMode="0"/>
<entry name="/opt/i4j_jres/Oda-jK0QgTEmVssfllLP/17.0.16.0.101-zulu/conf/security/policy/limited/default_US_export.policy" shared="false" uninstallMode="1"/>
<entry name="/opt/i4j_jres/Oda-jK0QgTEmVssfllLP/17.0.16.0.101-zulu/lib/modules" shared="false" uninstallMode="1"/>
<entry name=".install4j/restarter" shared="false" uninstallMode="0"/>
<entry name="/opt/i4j_jres/Oda-jK0QgTEmVssfllLP/17.0.16.0.101-zulu/legal/java.se/ASSEMBLY_EXCEPTION" shared="false" uninstallMode="0"/>
<entry name="/opt/i4j_jres/Oda-jK0QgTEmVssfllLP/17.0.16.0.101-zulu/lib/jspawnhelper" shared="false" uninstallMode="1"/>
<entry name="/opt/i4j_jres/Oda-jK0QgTEmVssfllLP/17.0.16.0.101-zulu/legal/jdk.security.jgss/CLASSPATH_EXCEPTION_NOTE" shared="false" uninstallMode="0"/>
<entry name="/opt/i4j_jres/Oda-jK0QgTEmVssfllLP/17.0.16.0.101-zulu/lib/libjava.so" shared="false" uninstallMode="1"/>
<entry name="/opt/i4j_jres/Oda-jK0QgTEmVssfllLP/17.0.16.0.101-zulu/legal/java.xml/xalan.md" shared="false" uninstallMode="1"/>
<entry name="/opt/i4j_jres/Oda-jK0QgTEmVssfllLP/17.0.16.0.101-zulu/man/man1/jfr.1" shared="false" uninstallMode="1"/>
<entry name="/opt/i4j_jres/Oda-jK0QgTEmVssfllLP/17.0.16.0.101-zulu/lib/libmlib_image.so" shared="false" uninstallMode="1"/>
<entry name="/opt/i4j_jres/Oda-jK0QgTEmVssfllLP/17.0.16.0.101-zulu/legal/jdk.naming.rmi/ASSEMBLY_EXCEPTION" shared="false" uninstallMode="0"/>
<entry name="/opt/i4j_jres/Oda-jK0QgTEmVssfllLP/17.0.16.0.101-zulu/legal/jdk.localedata/ASSEMBLY_EXCEPTION" shared="false" uninstallMode="0"/>
<entry name="/opt/i4j_jres/Oda-jK0QgTEmVssfllLP/17.0.16.0.101-zulu/lib/jrt-fs.jar" shared="false" uninstallMode="1"/>
<entry name="/opt/i4j_jres/Oda-jK0QgTEmVssfllLP/17.0.16.0.101-zulu/legal/java.security.jgss/ASSEMBLY_EXCEPTION" shared="false" uninstallMode="0"/>
<entry name="/opt/i4j_jres/Oda-jK0QgTEmVssfllLP/17.0.16.0.101-zulu/legal/jdk.unsupported/ASSEMBLY_EXCEPTION" shared="false" uninstallMode="0"/>
<entry name="/opt/i4j_jres/Oda-jK0QgTEmVssfllLP/17.0.16.0.101-zulu/legal/java.rmi/CLASSPATH_EXCEPTION_NOTE" shared="false" uninstallMode="0"/>
<entry name="/opt/i4j_jres/Oda-jK0QgTEmVssfllLP/17.0.16.0.101-zulu/legal/jdk.naming.dns/ADDITIONAL_LICENSE_INFO" shared="false" uninstallMode="0"/>
<entry name="/opt/i4j_jres/Oda-jK0QgTEmVssfllLP/17.0.16.0.101-zulu/lib/libprefs.so" shared="false" uninstallMode="1"/>
<entry name="/opt/i4j_jres/Oda-jK0QgTEmVssfllLP/17.0.16.0.101-zulu/legal/java.management/ADDITIONAL_LICENSE_INFO" shared="false" uninstallMode="0"/>
<entry name="/opt/i4j_jres/Oda-jK0QgTEmVssfllLP/17.0.16.0.101-zulu/legal/java.prefs/CLASSPATH_EXCEPTION_NOTE" shared="false" uninstallMode="0"/>
<entry name="/opt/i4j_jres/Oda-jK0QgTEmVssfllLP/17.0.16.0.101-zulu/legal/javafx.fxml/CLASSPATH_EXCEPTION_NOTE" shared="false" uninstallMode="0"/>
<entry name="/opt/i4j_jres/Oda-jK0QgTEmVssfllLP/17.0.16.0.101-zulu/legal/java.scripting/ASSEMBLY_EXCEPTION" shared="false" uninstallMode="0"/>
<entry name="/opt/i4j_jres/Oda-jK0QgTEmVssfllLP/17.0.16.0.101-zulu/lib/libavplugin-ffmpeg-56.so" shared="false" uninstallMode="1"/>
<entry name=".install4j/install.prop" shared="false" uninstallMode="0"/>
<entry name="/opt/i4j_jres/Oda-jK0QgTEmVssfllLP/17.0.16.0.101-zulu/lib/libinstrument.so" shared="false" uninstallMode="1"/>
<entry name="/opt/i4j_jres/Oda-jK0QgTEmVssfllLP/17.0.16.0.101-zulu/legal/jdk.crypto.ec/CLASSPATH_EXCEPTION_NOTE" shared="false" uninstallMode="0"/>
<entry name=".install4j/i4j_extf_10_ksapuk.utf8" shared="false" uninstallMode="2"/>
<entry name=".install4j/i4j_extf_31_ksapuk.utf8" shared="false" uninstallMode="2"/>
<entry name="/opt/i4j_jres/Oda-jK0QgTEmVssfllLP/17.0.16.0.101-zulu/legal/java.sql.rowset/CLASSPATH_EXCEPTION_NOTE" shared="false" uninstallMode="0"/>
<entry name="/opt/i4j_jres/Oda-jK0QgTEmVssfllLP/17.0.16.0.101-zulu/legal/java.base/siphash.md" shared="false" uninstallMode="1"/>
<entry name="/opt/i4j_jres/Oda-jK0QgTEmVssfllLP/17.0.16.0.101-zulu/legal/jdk.jdwp.agent/LICENSE" shared="false" uninstallMode="0"/>
<entry name="/opt/i4j_jres/Oda-jK0QgTEmVssfllLP/17.0.16.0.101-zulu/legal/javafx.base/LICENSE" shared="false" uninstallMode="0"/>
<entry name="/opt/i4j_jres/Oda-jK0QgTEmVssfllLP/17.0.16.0.101-zulu/legal/jdk.sctp/CLASSPATH_EXCEPTION_NOTE" shared="false" uninstallMode="0"/>
<entry name="jars/log4j-slf4j2-impl-2.25.3.jar" shared="false" uninstallMode="0"/>
<entry name="jars/jxbrowser-8.9.4.jar" shared="false" uninstallMode="0"/>
<entry name="/opt/i4j_jres/Oda-jK0QgTEmVssfllLP/17.0.16.0.101-zulu/legal/jdk.management/ASSEMBLY_EXCEPTION" shared="false" uninstallMode="0"/>
<entry name="/opt/i4j_jres/Oda-jK0QgTEmVssfllLP/17.0.16.0.101-zulu/legal/javafx.controls/ADDITIONAL_LICENSE_INFO" shared="false" uninstallMode="0"/>
<entry name=".install4j/i4j_extf_23_ksapuk.properties" shared="false" uninstallMode="2"/>
<entry name="/opt/i4j_jres/Oda-jK0QgTEmVssfllLP/17.0.16.0.101-zulu/legal/java.scripting/ADDITIONAL_LICENSE_INFO" shared="false" uninstallMode="0"/>
<entry name="/opt/i4j_jres/Oda-jK0QgTEmVssfllLP/17.0.16.0.101-zulu/legal/jdk.management.jfr/ASSEMBLY_EXCEPTION" shared="false" uninstallMode="0"/>
<entry name="/opt/i4j_jres/Oda-jK0QgTEmVssfllLP/17.0.16.0.101-zulu/legal/java.xml/dom.md" shared="false" uninstallMode="1"/>
<entry name="/opt/i4j_jres/Oda-jK0QgTEmVssfllLP/17.0.16.0.101-zulu/lib/libglass.so" shared="false" uninstallMode="1"/>
<entry name=".install4j/inst_jre.cfg" shared="false" uninstallMode="0"/>
<entry name="/opt/i4j_jres/Oda-jK0QgTEmVssfllLP/17.0.16.0.101-zulu/legal/java.management/LICENSE" shared="false" uninstallMode="0"/>
<entry name="/opt/i4j_jres/Oda-jK0QgTEmVssfllLP/17.0.16.0.101-zulu/bin/jrunscript" shared="false" uninstallMode="1"/>
<entry name="/opt/i4j_jres/Oda-jK0QgTEmVssfllLP/17.0.16.0.101-zulu/legal/java.naming/CLASSPATH_EXCEPTION_NOTE" shared="false" uninstallMode="0"/>
<entry name="/opt/i4j_jres/Oda-jK0QgTEmVssfllLP/17.0.16.0.101-zulu/legal/javafx.media/CLASSPATH_EXCEPTION_NOTE" shared="false" uninstallMode="0"/>
<entry name="/opt/i4j_jres/Oda-jK0QgTEmVssfllLP/17.0.16.0.101-zulu/legal/java.datatransfer/CLASSPATH_EXCEPTION_NOTE" shared="false" uninstallMode="0"/>
<entry name="/opt/i4j_jres/Oda-jK0QgTEmVssfllLP/17.0.16.0.101-zulu/legal/java.prefs/ADDITIONAL_LICENSE_INFO" shared="false" uninstallMode="0"/>
<entry name="/opt/i4j_jres/Oda-jK0QgTEmVssfllLP/17.0.16.0.101-zulu/legal/jdk.xml.dom/LICENSE" shared="false" uninstallMode="0"/>
<entry name=".install4j/i4jruntime.jar" shared="false" uninstallMode="2"/>
<entry name="/opt/i4j_jres/Oda-jK0QgTEmVssfllLP/17.0.16.0.101-zulu/legal/jdk.management.jfr/LICENSE" shared="false" uninstallMode="0"/>
<entry name=".install4j/libi4jinst2.dylib" shared="false" uninstallMode="2"/>
<entry name="/opt/i4j_jres/Oda-jK0QgTEmVssfllLP/17.0.16.0.101-zulu/legal/javafx.graphics/ADDITIONAL_LICENSE_INFO" shared="false" uninstallMode="0"/>
<entry name="/opt/i4j_jres/Oda-jK0QgTEmVssfllLP/17.0.16.0.101-zulu/conf/security/policy/unlimited/default_US_export.policy" shared="false" uninstallMode="1"/>
<entry name="/opt/i4j_jres/Oda-jK0QgTEmVssfllLP/17.0.16.0.101-zulu/legal/jdk.jsobject/LICENSE" shared="false" uninstallMode="0"/>
<entry name="/opt/i4j_jres/Oda-jK0QgTEmVssfllLP/17.0.16.0.101-zulu/legal/java.compiler/ADDITIONAL_LICENSE_INFO" shared="false" uninstallMode="0"/>
<entry name="/opt/i4j_jres/Oda-jK0QgTEmVssfllLP/17.0.16.0.101-zulu/legal/jdk.security.jgss/ASSEMBLY_EXCEPTION" shared="false" uninstallMode="0"/>
<entry name="/opt/i4j_jres/Oda-jK0QgTEmVssfllLP/17.0.16.0.101-zulu/legal/java.smartcardio/CLASSPATH_EXCEPTION_NOTE" shared="false" uninstallMode="0"/>
<entry name="/opt/i4j_jres/Oda-jK0QgTEmVssfllLP/17.0.16.0.101-zulu/lib/classlist" shared="false" uninstallMode="1"/>
<entry name="/opt/i4j_jres/Oda-jK0QgTEmVssfllLP/17.0.16.0.101-zulu/legal/java.sql/CLASSPATH_EXCEPTION_NOTE" shared="false" uninstallMode="0"/>
<entry name="/opt/i4j_jres/Oda-jK0QgTEmVssfllLP/17.0.16.0.101-zulu/legal/javafx.base/ADDITIONAL_LICENSE_INFO" shared="false" uninstallMode="0"/>
<entry name="/opt/i4j_jres/Oda-jK0QgTEmVssfllLP/17.0.16.0.101-zulu/bin/java" shared="false" uninstallMode="1"/>
<entry name="/opt/i4j_jres/Oda-jK0QgTEmVssfllLP/17.0.16.0.101-zulu/legal/javafx.web/LICENSE" shared="false" uninstallMode="0"/>
<entry name="/opt/i4j_jres/Oda-jK0QgTEmVssfllLP/17.0.16.0.101-zulu/legal/jdk.jdwp.agent/ADDITIONAL_LICENSE_INFO" shared="false" uninstallMode="0"/>
<entry name="/opt/i4j_jres/Oda-jK0QgTEmVssfllLP/17.0.16.0.101-zulu/lib/libdecora_sse.so" shared="false" uninstallMode="1"/>
<entry name="/opt/i4j_jres/Oda-jK0QgTEmVssfllLP/17.0.16.0.101-zulu/legal/java.logging/ASSEMBLY_EXCEPTION" shared="false" uninstallMode="0"/>
<entry name="/opt/i4j_jres/Oda-jK0QgTEmVssfllLP/17.0.16.0.101-zulu/legal/jdk.net/LICENSE" shared="false" uninstallMode="0"/>
<entry name="/opt/i4j_jres/Oda-jK0QgTEmVssfllLP/17.0.16.0.101-zulu/legal/java.xml/jcup.md" shared="false" uninstallMode="1"/>
<entry name="/opt/i4j_jres/Oda-jK0QgTEmVssfllLP/17.0.16.0.101-zulu/legal/java.logging/LICENSE" shared="false" uninstallMode="0"/>
<entry name="/opt/i4j_jres/Oda-jK0QgTEmVssfllLP/17.0.16.0.101-zulu/legal/java.transaction.xa/ADDITIONAL_LICENSE_INFO" shared="false" uninstallMode="0"/>
<entry name="/opt/i4j_jres/Oda-jK0QgTEmVssfllLP/17.0.16.0.101-zulu/legal/java.management/ASSEMBLY_EXCEPTION" shared="false" uninstallMode="0"/>
<entry name="/opt/i4j_jres/Oda-jK0QgTEmVssfllLP/17.0.16.0.101-zulu/legal/java.security.sasl/CLASSPATH_EXCEPTION_NOTE" shared="false" uninstallMode="0"/>
<entry name=".install4j/response.varfile" shared="false" uninstallMode="0"/>
<entry name="/opt/i4j_jres/Oda-jK0QgTEmVssfllLP/17.0.16.0.101-zulu/lib/libextnet.so" shared="false" uninstallMode="1"/>
<entry name="/opt/i4j_jres/Oda-jK0QgTEmVssfllLP/17.0.16.0.101-zulu/legal/jdk.security.auth/CLASSPATH_EXCEPTION_NOTE" shared="false" uninstallMode="0"/>
<entry name="/opt/i4j_jres/Oda-jK0QgTEmVssfllLP/17.0.16.0.101-zulu/lib/libjavafx_font_pango.so" shared="false" uninstallMode="1"/>
<entry name=".install4j/i4jempty.ttf" shared="false" uninstallMode="2"/>
<entry name="jre/lib/sparc/client/classes.jsa" shared="false" uninstallMode="0"/>
<entry name="/opt/i4j_jres/Oda-jK0QgTEmVssfllLP/17.0.16.0.101-zulu/legal/jdk.crypto.cryptoki/pkcs11cryptotoken.md" shared="false" uninstallMode="1"/>
<entry name="/opt/i4j_jres/Oda-jK0QgTEmVssfllLP/17.0.16.0.101-zulu/legal/jdk.localedata/ADDITIONAL_LICENSE_INFO" shared="false" uninstallMode="0"/>
<entry name="/opt/i4j_jres/Oda-jK0QgTEmVssfllLP/17.0.16.0.101-zulu/lib/server/libjvm.so" shared="false" uninstallMode="1"/>
<entry name="jars/jackson-core-2.12.3.jar" shared="false" uninstallMode="0"/>
<entry name="/opt/i4j_jres/Oda-jK0QgTEmVssfllLP/17.0.16.0.101-zulu/legal/java.se/ADDITIONAL_LICENSE_INFO" shared="false" uninstallMode="0"/>
<entry name="/opt/i4j_jres/Oda-jK0QgTEmVssfllLP/17.0.16.0.101-zulu/legal/java.base/c-libutl.md" shared="false" uninstallMode="1"/>
<entry name="/opt/i4j_jres/Oda-jK0QgTEmVssfllLP/17.0.16.0.101-zulu/legal/jdk.charsets/ADDITIONAL_LICENSE_INFO" shared="false" uninstallMode="0"/>
<entry name="/opt/i4j_jres/Oda-jK0QgTEmVssfllLP/17.0.16.0.101-zulu/legal/jdk.jfr/LICENSE" shared="false" uninstallMode="0"/>
<entry name="/opt/i4j_jres/Oda-jK0QgTEmVssfllLP/17.0.16.0.101-zulu/lib/libfxplugins.so" shared="false" uninstallMode="1"/>
<entry name="/opt/i4j_jres/Oda-jK0QgTEmVssfllLP/17.0.16.0.101-zulu/legal/javafx.graphics/LICENSE" shared="false" uninstallMode="0"/>
<entry name="/opt/i4j_jres/Oda-jK0QgTEmVssfllLP/17.0.16.0.101-zulu/legal/javafx.web/ADDITIONAL_LICENSE_INFO" shared="false" uninstallMode="0"/>
<entry name="/opt/i4j_jres/Oda-jK0QgTEmVssfllLP/17.0.16.0.101-zulu/legal/jdk.crypto.cryptoki/CLASSPATH_EXCEPTION_NOTE" shared="false" uninstallMode="0"/>
<entry name="/opt/i4j_jres/Oda-jK0QgTEmVssfllLP/17.0.16.0.101-zulu/legal/java.desktop/colorimaging.md" shared="false" uninstallMode="1"/>
<entry name="jars/locales.jar" shared="false" uninstallMode="0"/>
<entry name="/opt/i4j_jres/Oda-jK0QgTEmVssfllLP/17.0.16.0.101-zulu/legal/java.sql/ADDITIONAL_LICENSE_INFO" shared="false" uninstallMode="0"/>
<entry name="/opt/i4j_jres/Oda-jK0QgTEmVssfllLP/17.0.16.0.101-zulu/legal/jdk.naming.dns/LICENSE" shared="false" uninstallMode="0"/>
<entry name="/opt/i4j_jres/Oda-jK0QgTEmVssfllLP/17.0.16.0.101-zulu/legal/jdk.internal.jvmstat/LICENSE" shared="false" uninstallMode="0"/>
<entry name="/opt/i4j_jres/Oda-jK0QgTEmVssfllLP/17.0.16.0.101-zulu/legal/java.net.http/CLASSPATH_EXCEPTION_NOTE" shared="false" uninstallMode="0"/>
<entry name="/opt/i4j_jres/Oda-jK0QgTEmVssfllLP/17.0.16.0.101-zulu/lib/jfr/profile.jfc" shared="false" uninstallMode="1"/>
<entry name="/opt/i4j_jres/Oda-jK0QgTEmVssfllLP/17.0.16.0.101-zulu/legal/javafx.web/webkit.md" shared="false" uninstallMode="1"/>
<entry name="data/auditsummary.xsl" shared="false" uninstallMode="0"/>
<entry name="/opt/i4j_jres/Oda-jK0QgTEmVssfllLP/17.0.16.0.101-zulu/legal/jdk.jfr/ASSEMBLY_EXCEPTION" shared="false" uninstallMode="0"/>
<entry name="/opt/i4j_jres/Oda-jK0QgTEmVssfllLP/17.0.16.0.101-zulu/legal/java.base/unicode.md" shared="false" uninstallMode="1"/>
<entry name="/opt/i4j_jres/Oda-jK0QgTEmVssfllLP/17.0.16.0.101-zulu/legal/javafx.media/ASSEMBLY_EXCEPTION" shared="false" uninstallMode="0"/>
<entry name="/opt/i4j_jres/Oda-jK0QgTEmVssfllLP/17.0.16.0.101-zulu/legal/java.desktop/mesa3d.md" shared="false" uninstallMode="1"/>
<entry name="/opt/i4j_jres/Oda-jK0QgTEmVssfllLP/17.0.16.0.101-zulu/lib/libmanagement.so" shared="false" uninstallMode="1"/>
<entry name="/opt/i4j_jres/Oda-jK0QgTEmVssfllLP/17.0.16.0.101-zulu/lib/libattach.so" shared="false" uninstallMode="1"/>
<entry name="/opt/i4j_jres/Oda-jK0QgTEmVssfllLP/17.0.16.0.101-zulu/include/jvmticmlr.h" shared="false" uninstallMode="1"/>
<entry name="/opt/i4j_jres/Oda-jK0QgTEmVssfllLP/17.0.16.0.101-zulu/legal/java.base/cldr.md" shared="false" uninstallMode="1"/>
<entry name=".install4j/launcher0.jar" shared="false" uninstallMode="2"/>
<entry name="/opt/i4j_jres/Oda-jK0QgTEmVssfllLP/17.0.16.0.101-zulu/lib/jexec" shared="false" uninstallMode="1"/>
<entry name="jars/jackson-annotations-2.12.3.jar" shared="false" uninstallMode="0"/>
<entry name="/opt/i4j_jres/Oda-jK0QgTEmVssfllLP/17.0.16.0.101-zulu/legal/javafx.media/LICENSE" shared="false" uninstallMode="0"/>
<entry name="/opt/i4j_jres/Oda-jK0QgTEmVssfllLP/17.0.16.0.101-zulu/lib/security/cacerts" shared="false" uninstallMode="1"/>
<entry name="jars/jna-5.16.0.jar" shared="false" uninstallMode="0"/>
<entry name="/opt/i4j_jres/Oda-jK0QgTEmVssfllLP/17.0.16.0.101-zulu/lib/javafx.properties" shared="false" uninstallMode="1"/>
<entry name="/opt/i4j_jres/Oda-jK0QgTEmVssfllLP/17.0.16.0.101-zulu/legal/javafx.media/gstreamer.md" shared="false" uninstallMode="1"/>
<entry name="/opt/i4j_jres/Oda-jK0QgTEmVssfllLP/17.0.16.0.101-zulu/legal/jdk.crypto.ec/ADDITIONAL_LICENSE_INFO" shared="false" uninstallMode="0"/>
<entry name="jars/batik-all-1.16.jar" shared="false" uninstallMode="0"/>
<entry name="/opt/i4j_jres/Oda-jK0QgTEmVssfllLP/17.0.16.0.101-zulu/legal/java.desktop/lcms.md" shared="false" uninstallMode="1"/>
<entry name="/opt/i4j_jres/Oda-jK0QgTEmVssfllLP/17.0.16.0.101-zulu/legal/jdk.attach/ASSEMBLY_EXCEPTION" shared="false" uninstallMode="0"/>
<entry name="/opt/i4j_jres/Oda-jK0QgTEmVssfllLP/17.0.16.0.101-zulu/legal/java.management.rmi/CLASSPATH_EXCEPTION_NOTE" shared="false" uninstallMode="0"/>
<entry name="/opt/i4j_jres/Oda-jK0QgTEmVssfllLP/17.0.16.0.101-zulu/legal/java.xml/CLASSPATH_EXCEPTION_NOTE" shared="false" uninstallMode="0"/>
<entry name="/opt/i4j_jres/Oda-jK0QgTEmVssfllLP/17.0.16.0.101-zulu/legal/java.xml/bcel.md" shared="false" uninstallMode="1"/>
<entry name="/opt/i4j_jres/Oda-jK0QgTEmVssfllLP/17.0.16.0.101-zulu/legal/javafx.media/libffi.md" shared="false" uninstallMode="1"/>
<entry name="/opt/i4j_jres/Oda-jK0QgTEmVssfllLP/17.0.16.0.101-zulu/legal/java.base/asm.md" shared="false" uninstallMode="1"/>
<entry name="/opt/i4j_jres/Oda-jK0QgTEmVssfllLP/17.0.16.0.101-zulu/legal/jdk.dynalink/LICENSE" shared="false" uninstallMode="0"/>
<entry name=".install4j/i4j_extf_39_ksapuk.properties" shared="false" uninstallMode="2"/>
<entry name=".install4j/i4jparams.conf" shared="false" uninstallMode="2"/>
<entry name="/opt/i4j_jres/Oda-jK0QgTEmVssfllLP/17.0.16.0.101-zulu/legal/jdk.jdwp.agent/ASSEMBLY_EXCEPTION" shared="false" uninstallMode="0"/>
<entry name="jars/twslaunch-1045.jar" shared="false" uninstallMode="0"/>
<entry name="/opt/i4j_jres/Oda-jK0QgTEmVssfllLP/17.0.16.0.101-zulu/legal/jdk.internal.jvmstat/CLASSPATH_EXCEPTION_NOTE" shared="false" uninstallMode="0"/>
<entry name="/opt/i4j_jres/Oda-jK0QgTEmVssfllLP/17.0.16.0.101-zulu/lib/libjli.so" shared="false" uninstallMode="1"/>
<entry name="/opt/i4j_jres/Oda-jK0QgTEmVssfllLP/17.0.16.0.101-zulu/legal/javafx.swing/LICENSE" shared="false" uninstallMode="0"/>
<entry name="/opt/i4j_jres/Oda-jK0QgTEmVssfllLP/17.0.16.0.101-zulu/legal/java.desktop/LICENSE" shared="false" uninstallMode="0"/>
<entry name="/opt/i4j_jres/Oda-jK0QgTEmVssfllLP/17.0.16.0.101-zulu/conf/security/policy/limited/default_local.policy" shared="false" uninstallMode="1"/>
<entry name="/opt/i4j_jres/Oda-jK0QgTEmVssfllLP/17.0.16.0.101-zulu/legal/java.xml.crypto/CLASSPATH_EXCEPTION_NOTE" shared="false" uninstallMode="0"/>
<entry name="/opt/i4j_jres/Oda-jK0QgTEmVssfllLP/17.0.16.0.101-zulu/legal/java.desktop/xwd.md" shared="false" uninstallMode="1"/>
<entry name="jars/Java-WebSocket-1.6.0.jar" shared="false" uninstallMode="0"/>
<entry name="/opt/i4j_jres/Oda-jK0QgTEmVssfllLP/17.0.16.0.101-zulu/legal/javafx.swing/ADDITIONAL_LICENSE_INFO" shared="false" uninstallMode="0"/>
<entry name="/opt/i4j_jres/Oda-jK0QgTEmVssfllLP/17.0.16.0.101-zulu/legal/jdk.zipfs/ADDITIONAL_LICENSE_INFO" shared="false" uninstallMode="0"/>
<entry name="/opt/i4j_jres/Oda-jK0QgTEmVssfllLP/17.0.16.0.101-zulu/legal/jdk.attach/CLASSPATH_EXCEPTION_NOTE" shared="false" uninstallMode="0"/>
<entry name="/opt/i4j_jres/Oda-jK0QgTEmVssfllLP/17.0.16.0.101-zulu/legal/jdk.localedata/cldr.md" shared="false" uninstallMode="0"/>
<entry name="/opt/i4j_jres/Oda-jK0QgTEmVssfllLP/17.0.16.0.101-zulu/man/man1/rmiregistry.1" shared="false" uninstallMode="1"/>
<entry name="/opt/i4j_jres/Oda-jK0QgTEmVssfllLP/17.0.16.0.101-zulu/legal/jdk.zipfs/ASSEMBLY_EXCEPTION" shared="false" uninstallMode="0"/>
<entry name=".install4j/i4j_extf_37_ksapuk.properties" shared="false" uninstallMode="2"/>
</createdFiles>
<createdDirs>
<entry name="jars" shared="false" uninstallMode="0"/>
<entry name="data" shared="false" uninstallMode="0"/>
<entry name=".install4j/user" shared="false" uninstallMode="0"/>
<entry name=".install4j" shared="false" uninstallMode="0"/>
<entry name="/opt/i4j_jres/Oda-jK0QgTEmVssfllLP/17.0.16.0.101-zulu/man/man1" shared="false" uninstallMode="1"/>
<entry name="/opt/i4j_jres/Oda-jK0QgTEmVssfllLP/17.0.16.0.101-zulu/man" shared="false" uninstallMode="1"/>
<entry name="/opt/i4j_jres/Oda-jK0QgTEmVssfllLP/17.0.16.0.101-zulu/lib/server" shared="false" uninstallMode="1"/>
<entry name="/opt/i4j_jres/Oda-jK0QgTEmVssfllLP/17.0.16.0.101-zulu/lib/security" shared="false" uninstallMode="1"/>
<entry name="/opt/i4j_jres/Oda-jK0QgTEmVssfllLP/17.0.16.0.101-zulu/lib/jfr" shared="false" uninstallMode="1"/>
<entry name="/opt/i4j_jres/Oda-jK0QgTEmVssfllLP/17.0.16.0.101-zulu/lib" shared="false" uninstallMode="1"/>
<entry name="/opt/i4j_jres/Oda-jK0QgTEmVssfllLP/17.0.16.0.101-zulu/legal/jdk.zipfs" shared="false" uninstallMode="1"/>
<entry name="/opt/i4j_jres/Oda-jK0QgTEmVssfllLP/17.0.16.0.101-zulu/legal/jdk.xml.dom" shared="false" uninstallMode="1"/>
<entry name="/opt/i4j_jres/Oda-jK0QgTEmVssfllLP/17.0.16.0.101-zulu/legal/jdk.unsupported.desktop" shared="false" uninstallMode="1"/>
<entry name="/opt/i4j_jres/Oda-jK0QgTEmVssfllLP/17.0.16.0.101-zulu/legal/jdk.unsupported" shared="false" uninstallMode="1"/>
<entry name="/opt/i4j_jres/Oda-jK0QgTEmVssfllLP/17.0.16.0.101-zulu/legal/jdk.security.jgss" shared="false" uninstallMode="1"/>
<entry name="/opt/i4j_jres/Oda-jK0QgTEmVssfllLP/17.0.16.0.101-zulu/legal/jdk.security.auth" shared="false" uninstallMode="1"/>
<entry name="/opt/i4j_jres/Oda-jK0QgTEmVssfllLP/17.0.16.0.101-zulu/legal/jdk.sctp" shared="false" uninstallMode="1"/>
<entry name="/opt/i4j_jres/Oda-jK0QgTEmVssfllLP/17.0.16.0.101-zulu/legal/jdk.net" shared="false" uninstallMode="1"/>
<entry name="/opt/i4j_jres/Oda-jK0QgTEmVssfllLP/17.0.16.0.101-zulu/legal/jdk.naming.rmi" shared="false" uninstallMode="1"/>
<entry name="/opt/i4j_jres/Oda-jK0QgTEmVssfllLP/17.0.16.0.101-zulu/legal/jdk.naming.dns" shared="false" uninstallMode="1"/>
<entry name="/opt/i4j_jres/Oda-jK0QgTEmVssfllLP/17.0.16.0.101-zulu/legal/jdk.management.jfr" shared="false" uninstallMode="1"/>
<entry name="/opt/i4j_jres/Oda-jK0QgTEmVssfllLP/17.0.16.0.101-zulu/legal/jdk.management.agent" shared="false" uninstallMode="1"/>
<entry name="/opt/i4j_jres/Oda-jK0QgTEmVssfllLP/17.0.16.0.101-zulu/legal/jdk.management" shared="false" uninstallMode="1"/>
<entry name="/opt/i4j_jres/Oda-jK0QgTEmVssfllLP/17.0.16.0.101-zulu/legal/jdk.localedata" shared="false" uninstallMode="1"/>
<entry name="/opt/i4j_jres/Oda-jK0QgTEmVssfllLP/17.0.16.0.101-zulu/legal/jdk.jsobject" shared="false" uninstallMode="1"/>
<entry name="/opt/i4j_jres/Oda-jK0QgTEmVssfllLP/17.0.16.0.101-zulu/legal/jdk.jfr" shared="false" uninstallMode="1"/>
<entry name="/opt/i4j_jres/Oda-jK0QgTEmVssfllLP/17.0.16.0.101-zulu/legal/jdk.jdwp.agent" shared="false" uninstallMode="1"/>
<entry name="/opt/i4j_jres/Oda-jK0QgTEmVssfllLP/17.0.16.0.101-zulu/legal/jdk.internal.le" shared="false" uninstallMode="1"/>
<entry name="/opt/i4j_jres/Oda-jK0QgTEmVssfllLP/17.0.16.0.101-zulu/legal/jdk.internal.jvmstat" shared="false" uninstallMode="1"/>
<entry name="/opt/i4j_jres/Oda-jK0QgTEmVssfllLP/17.0.16.0.101-zulu/legal/jdk.internal.ed" shared="false" uninstallMode="1"/>
<entry name="/opt/i4j_jres/Oda-jK0QgTEmVssfllLP/17.0.16.0.101-zulu/legal/jdk.httpserver" shared="false" uninstallMode="1"/>
<entry name="/opt/i4j_jres/Oda-jK0QgTEmVssfllLP/17.0.16.0.101-zulu/legal/jdk.dynalink" shared="false" uninstallMode="1"/>
<entry name="/opt/i4j_jres/Oda-jK0QgTEmVssfllLP/17.0.16.0.101-zulu/legal/jdk.crypto.ec" shared="false" uninstallMode="1"/>
<entry name="/opt/i4j_jres/Oda-jK0QgTEmVssfllLP/17.0.16.0.101-zulu/legal/jdk.crypto.cryptoki" shared="false" uninstallMode="1"/>
<entry name="/opt/i4j_jres/Oda-jK0QgTEmVssfllLP/17.0.16.0.101-zulu/legal/jdk.charsets" shared="false" uninstallMode="1"/>
<entry name="/opt/i4j_jres/Oda-jK0QgTEmVssfllLP/17.0.16.0.101-zulu/legal/jdk.attach" shared="false" uninstallMode="1"/>
<entry name="/opt/i4j_jres/Oda-jK0QgTEmVssfllLP/17.0.16.0.101-zulu/legal/jdk.accessibility" shared="false" uninstallMode="1"/>
<entry name="/opt/i4j_jres/Oda-jK0QgTEmVssfllLP/17.0.16.0.101-zulu/legal/javafx.web" shared="false" uninstallMode="1"/>
<entry name="/opt/i4j_jres/Oda-jK0QgTEmVssfllLP/17.0.16.0.101-zulu/legal/javafx.swing" shared="false" uninstallMode="1"/>
<entry name="/opt/i4j_jres/Oda-jK0QgTEmVssfllLP/17.0.16.0.101-zulu/legal/javafx.media" shared="false" uninstallMode="1"/>
<entry name="/opt/i4j_jres/Oda-jK0QgTEmVssfllLP/17.0.16.0.101-zulu/legal/javafx.graphics" shared="false" uninstallMode="1"/>
<entry name="/opt/i4j_jres/Oda-jK0QgTEmVssfllLP/17.0.16.0.101-zulu/legal/javafx.fxml" shared="false" uninstallMode="1"/>
<entry name="/opt/i4j_jres/Oda-jK0QgTEmVssfllLP/17.0.16.0.101-zulu/legal/javafx.controls" shared="false" uninstallMode="1"/>
<entry name="/opt/i4j_jres/Oda-jK0QgTEmVssfllLP/17.0.16.0.101-zulu/legal/javafx.base" shared="false" uninstallMode="1"/>
<entry name="/opt/i4j_jres/Oda-jK0QgTEmVssfllLP/17.0.16.0.101-zulu/legal/java.xml.crypto" shared="false" uninstallMode="1"/>
<entry name="/opt/i4j_jres/Oda-jK0QgTEmVssfllLP/17.0.16.0.101-zulu/legal/java.xml" shared="false" uninstallMode="1"/>
<entry name="/opt/i4j_jres/Oda-jK0QgTEmVssfllLP/17.0.16.0.101-zulu/legal/java.transaction.xa" shared="false" uninstallMode="1"/>
<entry name="/opt/i4j_jres/Oda-jK0QgTEmVssfllLP/17.0.16.0.101-zulu/legal/java.sql.rowset" shared="false" uninstallMode="1"/>
<entry name="/opt/i4j_jres/Oda-jK0QgTEmVssfllLP/17.0.16.0.101-zulu/legal/java.sql" shared="false" uninstallMode="1"/>
<entry name="/opt/i4j_jres/Oda-jK0QgTEmVssfllLP/17.0.16.0.101-zulu/legal/java.smartcardio" shared="false" uninstallMode="1"/>
<entry name="/opt/i4j_jres/Oda-jK0QgTEmVssfllLP/17.0.16.0.101-zulu/legal/java.security.sasl" shared="false" uninstallMode="1"/>
<entry name="/opt/i4j_jres/Oda-jK0QgTEmVssfllLP/17.0.16.0.101-zulu/legal/java.security.jgss" shared="false" uninstallMode="1"/>
<entry name="/opt/i4j_jres/Oda-jK0QgTEmVssfllLP/17.0.16.0.101-zulu/legal/java.se" shared="false" uninstallMode="1"/>
<entry name="/opt/i4j_jres/Oda-jK0QgTEmVssfllLP/17.0.16.0.101-zulu/legal/java.scripting" shared="false" uninstallMode="1"/>
<entry name="/opt/i4j_jres/Oda-jK0QgTEmVssfllLP/17.0.16.0.101-zulu/legal/java.rmi" shared="false" uninstallMode="1"/>
<entry name="/opt/i4j_jres/Oda-jK0QgTEmVssfllLP/17.0.16.0.101-zulu/legal/java.prefs" shared="false" uninstallMode="1"/>
<entry name="/opt/i4j_jres/Oda-jK0QgTEmVssfllLP/17.0.16.0.101-zulu/legal/java.net.http" shared="false" uninstallMode="1"/>
<entry name="/opt/i4j_jres/Oda-jK0QgTEmVssfllLP/17.0.16.0.101-zulu/legal/java.naming" shared="false" uninstallMode="1"/>
<entry name="/opt/i4j_jres/Oda-jK0QgTEmVssfllLP/17.0.16.0.101-zulu/legal/java.management.rmi" shared="false" uninstallMode="1"/>
<entry name="/opt/i4j_jres/Oda-jK0QgTEmVssfllLP/17.0.16.0.101-zulu/legal/java.management" shared="false" uninstallMode="1"/>
<entry name="/opt/i4j_jres/Oda-jK0QgTEmVssfllLP/17.0.16.0.101-zulu/legal/java.logging" shared="false" uninstallMode="1"/>
<entry name="/opt/i4j_jres/Oda-jK0QgTEmVssfllLP/17.0.16.0.101-zulu/legal/java.instrument" shared="false" uninstallMode="1"/>
<entry name="/opt/i4j_jres/Oda-jK0QgTEmVssfllLP/17.0.16.0.101-zulu/legal/java.desktop" shared="false" uninstallMode="1"/>
<entry name="/opt/i4j_jres/Oda-jK0QgTEmVssfllLP/17.0.16.0.101-zulu/legal/java.datatransfer" shared="false" uninstallMode="1"/>
<entry name="/opt/i4j_jres/Oda-jK0QgTEmVssfllLP/17.0.16.0.101-zulu/legal/java.compiler" shared="false" uninstallMode="1"/>
<entry name="/opt/i4j_jres/Oda-jK0QgTEmVssfllLP/17.0.16.0.101-zulu/legal/java.base" shared="false" uninstallMode="1"/>
<entry name="/opt/i4j_jres/Oda-jK0QgTEmVssfllLP/17.0.16.0.101-zulu/legal" shared="false" uninstallMode="1"/>
<entry name="/opt/i4j_jres/Oda-jK0QgTEmVssfllLP/17.0.16.0.101-zulu/include/linux" shared="false" uninstallMode="1"/>
<entry name="/opt/i4j_jres/Oda-jK0QgTEmVssfllLP/17.0.16.0.101-zulu/include" shared="false" uninstallMode="1"/>
<entry name="/opt/i4j_jres/Oda-jK0QgTEmVssfllLP/17.0.16.0.101-zulu/conf/security/policy/unlimited" shared="false" uninstallMode="1"/>
<entry name="/opt/i4j_jres/Oda-jK0QgTEmVssfllLP/17.0.16.0.101-zulu/conf/security/policy/limited" shared="false" uninstallMode="1"/>
<entry name="/opt/i4j_jres/Oda-jK0QgTEmVssfllLP/17.0.16.0.101-zulu/conf/security/policy" shared="false" uninstallMode="1"/>
<entry name="/opt/i4j_jres/Oda-jK0QgTEmVssfllLP/17.0.16.0.101-zulu/conf/security" shared="false" uninstallMode="1"/>
<entry name="/opt/i4j_jres/Oda-jK0QgTEmVssfllLP/17.0.16.0.101-zulu/conf/sdp" shared="false" uninstallMode="1"/>
<entry name="/opt/i4j_jres/Oda-jK0QgTEmVssfllLP/17.0.16.0.101-zulu/conf/management" shared="false" uninstallMode="1"/>
<entry name="/opt/i4j_jres/Oda-jK0QgTEmVssfllLP/17.0.16.0.101-zulu/conf" shared="false" uninstallMode="1"/>
<entry name="/opt/i4j_jres/Oda-jK0QgTEmVssfllLP/17.0.16.0.101-zulu/bin" shared="false" uninstallMode="1"/>
<entry name="/opt/i4j_jres/Oda-jK0QgTEmVssfllLP/17.0.16.0.101-zulu" shared="false" uninstallMode="1"/>
<entry name="/opt/i4j_jres/Oda-jK0QgTEmVssfllLP" shared="false" uninstallMode="1"/>
<entry name="/opt/i4j_jres" shared="false" uninstallMode="1"/>
</createdDirs>
</fileLog>
