[decay_detector] 2026-06-08 01:00
  Champions cargados: 67
  Trades live (últimos 30d): 21
  Champions con suficientes trades: 0
  Telegram enviado OK
[decay_detector] 2026-06-09 01:00
  Champions cargados: 67
  Trades live (últimos 30d): 21
  Champions con suficientes trades: 0
  Telegram enviado OK
[decay_detector] 2026-06-10 01:00
  Champions cargados: 71
  Trades live (últimos 30d): 17
  Champions con suficientes trades: 0
  Telegram enviado OK
[decay_detector] 2026-06-11 01:00
  Champions cargados: 75
  Trades live (últimos 30d): 17
  Champions con suficientes trades: 0
  Telegram enviado OK
[decay_detector] 2026-06-12 01:00
  Champions cargados: 87
  Trades live (últimos 30d): 17
  Champions con suficientes trades: 0
  Telegram enviado OK
[decay_detector] 2026-06-13 01:00
  Champions cargados: 87
  Trades live (últimos 30d): 18
  Champions con suficientes trades: 0
  Telegram enviado OK
