/opt/sigma_env/bin/python: can't open file '/opt/sigma/engine/live/reconcile_cron.py': [Errno 2] No such file or directory
[14:10:01] [EXECUTOR] Error init exchange: binance {"code":-2015,"msg":"Invalid API-key, IP, or permissions for action."}
[14:10:01] [EXECUTOR] RECONCILE: no se pudo conectar a Binance, abortando check (fail-safe: solo alerta)
[14:15:01] [EXECUTOR] Error init exchange: binance {"code":-2015,"msg":"Invalid API-key, IP, or permissions for action."}
[14:15:01] [EXECUTOR] RECONCILE: no se pudo conectar a Binance, abortando check (fail-safe: solo alerta)
[14:20:01] [EXECUTOR] Error init exchange: binance {"code":-2015,"msg":"Invalid API-key, IP, or permissions for action."}
[14:20:01] [EXECUTOR] RECONCILE: no se pudo conectar a Binance, abortando check (fail-safe: solo alerta)
[14:25:02] [EXECUTOR] Error init exchange: binance {"code":-2015,"msg":"Invalid API-key, IP, or permissions for action."}
[14:25:02] [EXECUTOR] RECONCILE: no se pudo conectar a Binance, abortando check (fail-safe: solo alerta)
[14:30:02] [EXECUTOR] Error init exchange: binance {"code":-2015,"msg":"Invalid API-key, IP, or permissions for action."}
[14:30:02] [EXECUTOR] RECONCILE: no se pudo conectar a Binance, abortando check (fail-safe: solo alerta)
[14:35:01] [EXECUTOR] Error init exchange: binance {"code":-2015,"msg":"Invalid API-key, IP, or permissions for action."}
[14:35:01] [EXECUTOR] RECONCILE: no se pudo conectar a Binance, abortando check (fail-safe: solo alerta)
[14:40:01] [EXECUTOR] Error init exchange: binance {"code":-2015,"msg":"Invalid API-key, IP, or permissions for action."}
[14:40:01] [EXECUTOR] RECONCILE: no se pudo conectar a Binance, abortando check (fail-safe: solo alerta)
[14:45:02] [EXECUTOR] Error init exchange: binance {"code":-2015,"msg":"Invalid API-key, IP, or permissions for action."}
[14:45:02] [EXECUTOR] RECONCILE: no se pudo conectar a Binance, abortando check (fail-safe: solo alerta)
[14:50:01] [EXECUTOR] Error init exchange: binance {"code":-2015,"msg":"Invalid API-key, IP, or permissions for action."}
[14:50:01] [EXECUTOR] RECONCILE: no se pudo conectar a Binance, abortando check (fail-safe: solo alerta)
[14:55:01] [EXECUTOR] Error init exchange: binance {"code":-2015,"msg":"Invalid API-key, IP, or permissions for action."}
[14:55:01] [EXECUTOR] RECONCILE: no se pudo conectar a Binance, abortando check (fail-safe: solo alerta)
[15:00:02] [EXECUTOR] Error init exchange: binance {"code":-2015,"msg":"Invalid API-key, IP, or permissions for action."}
[15:00:02] [EXECUTOR] RECONCILE: no se pudo conectar a Binance, abortando check (fail-safe: solo alerta)
[15:05:05] [EXECUTOR] RECONCILE OK: SOL/4h tiene SL activo
[15:05:06] [EXECUTOR] RECONCILE OK: WTI/1d tiene SL activo
[15:10:06] [EXECUTOR] RECONCILE OK: SOL/4h tiene SL activo
[15:10:06] [EXECUTOR] RECONCILE OK: WTI/1d tiene SL activo
[15:15:05] [EXECUTOR] RECONCILE OK: SOL/4h tiene SL activo
[15:15:06] [EXECUTOR] RECONCILE OK: WTI/1d tiene SL activo
[15:20:05] [EXECUTOR] RECONCILE OK: SOL/4h tiene SL activo
[15:20:06] [EXECUTOR] RECONCILE OK: WTI/1d tiene SL activo
[15:25:05] [EXECUTOR] RECONCILE OK: SOL/4h tiene SL activo
[15:25:05] [EXECUTOR] RECONCILE OK: WTI/1d tiene SL activo
[15:30:06] [EXECUTOR] RECONCILE OK: SOL/4h tiene SL activo
[15:30:06] [EXECUTOR] RECONCILE OK: WTI/1d tiene SL activo
[15:35:05] [EXECUTOR] RECONCILE OK: SOL/4h tiene SL activo
[15:35:05] [EXECUTOR] RECONCILE OK: WTI/1d tiene SL activo
[15:40:05] [EXECUTOR] RECONCILE OK: SOL/4h tiene SL activo
[15:40:06] [EXECUTOR] RECONCILE OK: WTI/1d tiene SL activo
[15:45:07] [EXECUTOR] RECONCILE OK: SOL/4h tiene SL activo
[15:45:08] [EXECUTOR] RECONCILE OK: WTI/1d tiene SL activo
[15:50:05] [EXECUTOR] RECONCILE OK: SOL/4h tiene SL activo
[15:50:06] [EXECUTOR] RECONCILE OK: WTI/1d tiene SL activo
[15:55:06] [EXECUTOR] RECONCILE OK: SOL/4h tiene SL activo
[15:55:07] [EXECUTOR] RECONCILE OK: WTI/1d tiene SL activo
[16:00:07] [EXECUTOR] RECONCILE OK: SOL/4h tiene SL activo
[16:00:07] [EXECUTOR] RECONCILE OK: WTI/1d tiene SL activo
[16:05:05] [EXECUTOR] RECONCILE OK: SOL/4h tiene SL activo
[16:05:06] [EXECUTOR] RECONCILE OK: WTI/1d tiene SL activo
[16:10:06] [EXECUTOR] RECONCILE OK: SOL/4h tiene SL activo
[16:10:07] [EXECUTOR] RECONCILE OK: WTI/1d tiene SL activo
[16:15:05] [EXECUTOR] RECONCILE OK: SOL/4h tiene SL activo
[16:15:06] [EXECUTOR] RECONCILE OK: WTI/1d tiene SL activo
[16:20:07] [EXECUTOR] RECONCILE OK: SOL/4h tiene SL activo
[16:20:07] [EXECUTOR] RECONCILE OK: WTI/1d tiene SL activo
[16:25:05] [EXECUTOR] RECONCILE OK: SOL/4h tiene SL activo
[16:25:05] [EXECUTOR] RECONCILE OK: WTI/1d tiene SL activo
[16:30:06] [EXECUTOR] RECONCILE OK: SOL/4h tiene SL activo
[16:30:07] [EXECUTOR] RECONCILE OK: WTI/1d tiene SL activo
[16:35:05] [EXECUTOR] RECONCILE OK: SOL/4h tiene SL activo
[16:35:06] [EXECUTOR] RECONCILE OK: WTI/1d tiene SL activo
[16:40:05] [EXECUTOR] RECONCILE OK: SOL/4h tiene SL activo
[16:40:05] [EXECUTOR] RECONCILE OK: WTI/1d tiene SL activo
[16:45:08] [EXECUTOR] RECONCILE OK: SOL/4h tiene SL activo
[16:45:08] [EXECUTOR] RECONCILE OK: WTI/1d tiene SL activo
[16:50:05] [EXECUTOR] RECONCILE OK: SOL/4h tiene SL activo
[16:50:05] [EXECUTOR] RECONCILE OK: WTI/1d tiene SL activo
[16:55:05] [EXECUTOR] RECONCILE OK: SOL/4h tiene SL activo
[16:55:06] [EXECUTOR] RECONCILE OK: WTI/1d tiene SL activo
[17:00:06] [EXECUTOR] RECONCILE OK: SOL/4h tiene SL activo
[17:00:06] [EXECUTOR] RECONCILE OK: WTI/1d tiene SL activo
[17:05:06] [EXECUTOR] RECONCILE OK: SOL/4h tiene SL activo
[17:05:06] [EXECUTOR] RECONCILE OK: WTI/1d tiene SL activo
[17:10:05] [EXECUTOR] RECONCILE OK: SOL/4h tiene SL activo
[17:10:05] [EXECUTOR] RECONCILE OK: WTI/1d tiene SL activo
[17:15:06] [EXECUTOR] RECONCILE OK: SOL/4h tiene SL activo
[17:15:06] [EXECUTOR] RECONCILE OK: WTI/1d tiene SL activo
[17:20:06] [EXECUTOR] RECONCILE OK: SOL/4h tiene SL activo
[17:20:06] [EXECUTOR] RECONCILE OK: WTI/1d tiene SL activo
[17:25:06] [EXECUTOR] RECONCILE OK: SOL/4h tiene SL activo
[17:25:06] [EXECUTOR] RECONCILE OK: WTI/1d tiene SL activo
[17:30:05] [EXECUTOR] RECONCILE OK: SOL/4h tiene SL activo
[17:30:06] [EXECUTOR] RECONCILE OK: WTI/1d tiene SL activo
[17:35:06] [EXECUTOR] RECONCILE OK: SOL/4h tiene SL activo
[17:35:07] [EXECUTOR] RECONCILE OK: WTI/1d tiene SL activo
[17:40:07] [EXECUTOR] RECONCILE OK: SOL/4h tiene SL activo
[17:40:07] [EXECUTOR] RECONCILE OK: WTI/1d tiene SL activo
[17:45:06] [EXECUTOR] RECONCILE OK: SOL/4h tiene SL activo
[17:45:06] [EXECUTOR] RECONCILE OK: WTI/1d tiene SL activo
[17:50:06] [EXECUTOR] RECONCILE OK: SOL/4h tiene SL activo
[17:50:06] [EXECUTOR] RECONCILE OK: WTI/1d tiene SL activo
[17:55:06] [EXECUTOR] RECONCILE OK: SOL/4h tiene SL activo
[17:55:06] [EXECUTOR] RECONCILE OK: WTI/1d tiene SL activo
[18:00:07] [EXECUTOR] RECONCILE OK: SOL/4h tiene SL activo
[18:00:07] [EXECUTOR] RECONCILE OK: WTI/1d tiene SL activo
[18:05:05] [EXECUTOR] RECONCILE OK: SOL/4h tiene SL activo
[18:05:05] [EXECUTOR] RECONCILE OK: WTI/1d tiene SL activo
[18:10:05] [EXECUTOR] RECONCILE OK: SOL/4h tiene SL activo
[18:10:06] [EXECUTOR] RECONCILE OK: WTI/1d tiene SL activo
[18:15:05] [EXECUTOR] RECONCILE OK: SOL/4h tiene SL activo
[18:15:05] [EXECUTOR] RECONCILE OK: WTI/1d tiene SL activo
[18:20:05] [EXECUTOR] RECONCILE OK: SOL/4h tiene SL activo
[18:20:05] [EXECUTOR] RECONCILE OK: WTI/1d tiene SL activo
[18:25:06] [EXECUTOR] RECONCILE OK: SOL/4h tiene SL activo
[18:25:06] [EXECUTOR] RECONCILE OK: WTI/1d tiene SL activo
[18:30:05] [EXECUTOR] RECONCILE OK: SOL/4h tiene SL activo
[18:30:08] [EXECUTOR] RECONCILE OK: WTI/1d tiene SL activo
[18:35:05] [EXECUTOR] RECONCILE OK: SOL/4h tiene SL activo
[18:35:05] [EXECUTOR] RECONCILE OK: WTI/1d tiene SL activo
[18:40:07] [EXECUTOR] RECONCILE OK: SOL/4h tiene SL activo
[18:40:07] [EXECUTOR] RECONCILE OK: WTI/1d tiene SL activo
[18:45:05] [EXECUTOR] RECONCILE OK: SOL/4h tiene SL activo
[18:45:06] [EXECUTOR] RECONCILE OK: WTI/1d tiene SL activo
[18:50:07] [EXECUTOR] RECONCILE OK: SOL/4h tiene SL activo
[18:50:07] [EXECUTOR] RECONCILE OK: WTI/1d tiene SL activo
[18:55:07] [EXECUTOR] RECONCILE OK: SOL/4h tiene SL activo
[18:55:07] [EXECUTOR] RECONCILE OK: WTI/1d tiene SL activo
[19:00:05] [EXECUTOR] RECONCILE OK: SOL/4h tiene SL activo
[19:00:05] [EXECUTOR] RECONCILE OK: WTI/1d tiene SL activo
[19:05:06] [EXECUTOR] RECONCILE OK: SOL/4h tiene SL activo
[19:05:06] [EXECUTOR] RECONCILE OK: WTI/1d tiene SL activo
[19:10:06] [EXECUTOR] RECONCILE OK: SOL/4h tiene SL activo
[19:10:06] [EXECUTOR] RECONCILE OK: WTI/1d tiene SL activo
[19:15:07] [EXECUTOR] RECONCILE OK: SOL/4h tiene SL activo
[19:15:08] [EXECUTOR] RECONCILE OK: WTI/1d tiene SL activo
[19:20:06] [EXECUTOR] RECONCILE OK: SOL/4h tiene SL activo
[19:20:07] [EXECUTOR] RECONCILE OK: WTI/1d tiene SL activo
[19:25:05] [EXECUTOR] RECONCILE OK: SOL/4h tiene SL activo
[19:25:05] [EXECUTOR] RECONCILE OK: WTI/1d tiene SL activo
[19:30:05] [EXECUTOR] RECONCILE OK: SOL/4h tiene SL activo
[19:30:06] [EXECUTOR] RECONCILE OK: WTI/1d tiene SL activo
[19:35:05] [EXECUTOR] RECONCILE OK: SOL/4h tiene SL activo
[19:35:05] [EXECUTOR] RECONCILE OK: WTI/1d tiene SL activo
[19:40:05] [EXECUTOR] RECONCILE OK: SOL/4h tiene SL activo
[19:40:06] [EXECUTOR] RECONCILE OK: WTI/1d tiene SL activo
[19:45:06] [EXECUTOR] RECONCILE OK: SOL/4h tiene SL activo
[19:45:06] [EXECUTOR] RECONCILE OK: WTI/1d tiene SL activo
[19:50:06] [EXECUTOR] RECONCILE OK: SOL/4h tiene SL activo
[19:50:06] [EXECUTOR] RECONCILE OK: WTI/1d tiene SL activo
[19:55:07] [EXECUTOR] RECONCILE OK: SOL/4h tiene SL activo
[19:55:08] [EXECUTOR] RECONCILE OK: WTI/1d tiene SL activo
[20:00:06] [EXECUTOR] RECONCILE OK: SOL/4h tiene SL activo
[20:00:07] [EXECUTOR] RECONCILE OK: WTI/1d tiene SL activo
[20:05:05] [EXECUTOR] RECONCILE OK: SOL/4h tiene SL activo
[20:05:06] [EXECUTOR] RECONCILE OK: WTI/1d tiene SL activo
[20:10:09] [EXECUTOR] RECONCILE OK: SOL/4h tiene SL activo
[20:10:09] [EXECUTOR] RECONCILE OK: WTI/1d tiene SL activo
[20:15:05] [EXECUTOR] RECONCILE OK: SOL/4h tiene SL activo
[20:15:06] [EXECUTOR] RECONCILE OK: WTI/1d tiene SL activo
[20:20:10] [EXECUTOR] RECONCILE OK: SOL/4h tiene SL activo
[20:20:11] [EXECUTOR] RECONCILE OK: WTI/1d tiene SL activo
[20:25:07] [EXECUTOR] RECONCILE OK: SOL/4h tiene SL activo
[20:25:08] [EXECUTOR] RECONCILE OK: WTI/1d tiene SL activo
[20:30:06] [EXECUTOR] RECONCILE OK: SOL/4h tiene SL activo
[20:30:06] [EXECUTOR] RECONCILE OK: WTI/1d tiene SL activo
[20:35:06] [EXECUTOR] RECONCILE OK: SOL/4h tiene SL activo
[20:35:07] [EXECUTOR] RECONCILE OK: WTI/1d tiene SL activo
[20:40:08] [EXECUTOR] RECONCILE OK: SOL/4h tiene SL activo
[20:40:09] [EXECUTOR] RECONCILE OK: WTI/1d tiene SL activo
[20:45:08] [EXECUTOR] RECONCILE OK: SOL/4h tiene SL activo
[20:45:08] [EXECUTOR] RECONCILE OK: WTI/1d tiene SL activo
[20:45:09] [EXECUTOR] RECONCILE OK: LTC/4h tiene SL activo
[20:50:05] [EXECUTOR] RECONCILE OK: SOL/4h tiene SL activo
[20:50:06] [EXECUTOR] RECONCILE OK: WTI/1d tiene SL activo
[20:50:06] [EXECUTOR] RECONCILE OK: LTC/4h tiene SL activo
[20:55:07] [EXECUTOR] RECONCILE OK: SOL/4h tiene SL activo
[20:55:08] [EXECUTOR] RECONCILE OK: WTI/1d tiene SL activo
[20:55:08] [EXECUTOR] RECONCILE OK: LTC/4h tiene SL activo
[21:00:07] [EXECUTOR] RECONCILE OK: SOL/4h tiene SL activo
[21:00:07] [EXECUTOR] RECONCILE OK: WTI/1d tiene SL activo
[21:00:08] [EXECUTOR] RECONCILE OK: LTC/4h tiene SL activo
[21:05:06] [EXECUTOR] RECONCILE OK: SOL/4h tiene SL activo
[21:05:07] [EXECUTOR] RECONCILE OK: WTI/1d tiene SL activo
[21:05:08] [EXECUTOR] RECONCILE OK: LTC/4h tiene SL activo
[21:10:07] [EXECUTOR] RECONCILE OK: SOL/4h tiene SL activo
[21:10:07] [EXECUTOR] RECONCILE OK: WTI/1d tiene SL activo
[21:10:08] [EXECUTOR] RECONCILE OK: LTC/4h tiene SL activo
[21:15:05] [EXECUTOR] RECONCILE OK: SOL/4h tiene SL activo
[21:15:06] [EXECUTOR] RECONCILE OK: WTI/1d tiene SL activo
[21:15:07] [EXECUTOR] RECONCILE OK: LTC/4h tiene SL activo
[21:20:06] [EXECUTOR] RECONCILE OK: SOL/4h tiene SL activo
[21:20:07] [EXECUTOR] RECONCILE OK: WTI/1d tiene SL activo
[21:20:07] [EXECUTOR] RECONCILE OK: LTC/4h tiene SL activo
[21:25:05] [EXECUTOR] RECONCILE OK: SOL/4h tiene SL activo
[21:25:06] [EXECUTOR] RECONCILE OK: WTI/1d tiene SL activo
[21:25:06] [EXECUTOR] RECONCILE OK: LTC/4h tiene SL activo
[21:30:07] [EXECUTOR] RECONCILE OK: SOL/4h tiene SL activo
[21:30:08] [EXECUTOR] RECONCILE OK: WTI/1d tiene SL activo
[21:30:08] [EXECUTOR] RECONCILE OK: LTC/4h tiene SL activo
[21:35:07] [EXECUTOR] RECONCILE OK: SOL/4h tiene SL activo
[21:35:08] [EXECUTOR] RECONCILE OK: WTI/1d tiene SL activo
[21:35:08] [EXECUTOR] RECONCILE OK: LTC/4h tiene SL activo
[21:40:05] [EXECUTOR] RECONCILE OK: SOL/4h tiene SL activo
[21:40:06] [EXECUTOR] RECONCILE OK: WTI/1d tiene SL activo
[21:40:06] [EXECUTOR] RECONCILE OK: LTC/4h tiene SL activo
[21:45:09] [EXECUTOR] RECONCILE OK: SOL/4h tiene SL activo
[21:45:09] [EXECUTOR] RECONCILE OK: WTI/1d tiene SL activo
[21:45:10] [EXECUTOR] RECONCILE OK: LTC/4h tiene SL activo
[21:50:05] [EXECUTOR] RECONCILE OK: SOL/4h tiene SL activo
[21:50:05] [EXECUTOR] RECONCILE OK: WTI/1d tiene SL activo
[21:50:06] [EXECUTOR] RECONCILE OK: LTC/4h tiene SL activo
[21:55:06] [EXECUTOR] RECONCILE OK: SOL/4h tiene SL activo
[21:55:06] [EXECUTOR] RECONCILE OK: WTI/1d tiene SL activo
[21:55:07] [EXECUTOR] RECONCILE OK: LTC/4h tiene SL activo
[22:00:06] [EXECUTOR] RECONCILE OK: SOL/4h tiene SL activo
[22:00:07] [EXECUTOR] RECONCILE OK: WTI/1d tiene SL activo
[22:00:07] [EXECUTOR] RECONCILE OK: LTC/4h tiene SL activo
[22:05:08] [EXECUTOR] RECONCILE OK: SOL/4h tiene SL activo
[22:05:09] [EXECUTOR] RECONCILE OK: WTI/1d tiene SL activo
[22:05:10] [EXECUTOR] RECONCILE OK: LTC/4h tiene SL activo
[22:10:05] [EXECUTOR] RECONCILE OK: SOL/4h tiene SL activo
[22:10:06] [EXECUTOR] RECONCILE OK: WTI/1d tiene SL activo
[22:10:07] [EXECUTOR] RECONCILE OK: LTC/4h tiene SL activo
[22:15:05] [EXECUTOR] RECONCILE OK: SOL/4h tiene SL activo
[22:15:06] [EXECUTOR] RECONCILE OK: WTI/1d tiene SL activo
[22:15:06] [EXECUTOR] RECONCILE OK: LTC/4h tiene SL activo
[22:20:06] [EXECUTOR] RECONCILE OK: SOL/4h tiene SL activo
[22:20:07] [EXECUTOR] RECONCILE OK: WTI/1d tiene SL activo
[22:20:07] [EXECUTOR] RECONCILE OK: LTC/4h tiene SL activo
[22:25:09] [EXECUTOR] RECONCILE OK: SOL/4h tiene SL activo
[22:25:10] [EXECUTOR] RECONCILE OK: WTI/1d tiene SL activo
[22:25:10] [EXECUTOR] RECONCILE OK: LTC/4h tiene SL activo
[22:30:08] [EXECUTOR] RECONCILE OK: SOL/4h tiene SL activo
[22:30:09] [EXECUTOR] RECONCILE OK: WTI/1d tiene SL activo
[22:30:09] [EXECUTOR] RECONCILE OK: LTC/4h tiene SL activo
[22:35:05] [EXECUTOR] RECONCILE OK: SOL/4h tiene SL activo
[22:35:05] [EXECUTOR] RECONCILE OK: WTI/1d tiene SL activo
[22:35:06] [EXECUTOR] RECONCILE OK: LTC/4h tiene SL activo
[22:40:05] [EXECUTOR] RECONCILE OK: SOL/4h tiene SL activo
[22:40:06] [EXECUTOR] RECONCILE OK: WTI/1d tiene SL activo
[22:40:06] [EXECUTOR] RECONCILE OK: LTC/4h tiene SL activo
[22:45:05] [EXECUTOR] RECONCILE OK: SOL/4h tiene SL activo
[22:45:06] [EXECUTOR] RECONCILE OK: WTI/1d tiene SL activo
[22:45:06] [EXECUTOR] RECONCILE OK: LTC/4h tiene SL activo
[22:50:05] [EXECUTOR] RECONCILE OK: SOL/4h tiene SL activo
[22:50:06] [EXECUTOR] RECONCILE OK: WTI/1d tiene SL activo
[22:50:06] [EXECUTOR] RECONCILE OK: LTC/4h tiene SL activo
[22:55:05] [EXECUTOR] RECONCILE OK: SOL/4h tiene SL activo
[22:55:05] [EXECUTOR] RECONCILE OK: WTI/1d tiene SL activo
[22:55:06] [EXECUTOR] RECONCILE OK: LTC/4h tiene SL activo
[23:00:08] [EXECUTOR] RECONCILE OK: SOL/4h tiene SL activo
[23:00:09] [EXECUTOR] RECONCILE OK: WTI/1d tiene SL activo
[23:00:09] [EXECUTOR] RECONCILE OK: LTC/4h tiene SL activo
[23:05:06] [EXECUTOR] RECONCILE OK: SOL/4h tiene SL activo
[23:05:06] [EXECUTOR] RECONCILE OK: WTI/1d tiene SL activo
[23:05:07] [EXECUTOR] RECONCILE OK: LTC/4h tiene SL activo
[23:10:05] [EXECUTOR] RECONCILE OK: SOL/4h tiene SL activo
[23:10:06] [EXECUTOR] RECONCILE OK: WTI/1d tiene SL activo
[23:10:06] [EXECUTOR] RECONCILE OK: LTC/4h tiene SL activo
[23:15:05] [EXECUTOR] RECONCILE OK: SOL/4h tiene SL activo
[23:15:06] [EXECUTOR] RECONCILE OK: WTI/1d tiene SL activo
[23:15:07] [EXECUTOR] RECONCILE OK: LTC/4h tiene SL activo
[23:20:06] [EXECUTOR] RECONCILE OK: SOL/4h tiene SL activo
[23:20:06] [EXECUTOR] RECONCILE OK: WTI/1d tiene SL activo
[23:20:07] [EXECUTOR] RECONCILE OK: LTC/4h tiene SL activo
[23:25:06] [EXECUTOR] RECONCILE OK: SOL/4h tiene SL activo
[23:25:06] [EXECUTOR] RECONCILE OK: WTI/1d tiene SL activo
[23:25:07] [EXECUTOR] RECONCILE OK: LTC/4h tiene SL activo
[23:30:06] [EXECUTOR] RECONCILE OK: SOL/4h tiene SL activo
[23:30:07] [EXECUTOR] RECONCILE OK: WTI/1d tiene SL activo
[23:30:07] [EXECUTOR] RECONCILE OK: LTC/4h tiene SL activo
[23:35:05] [EXECUTOR] RECONCILE OK: SOL/4h tiene SL activo
[23:35:06] [EXECUTOR] RECONCILE OK: WTI/1d tiene SL activo
[23:35:07] [EXECUTOR] RECONCILE OK: LTC/4h tiene SL activo
[23:40:07] [EXECUTOR] RECONCILE OK: SOL/4h tiene SL activo
[23:40:08] [EXECUTOR] RECONCILE OK: WTI/1d tiene SL activo
[23:40:08] [EXECUTOR] RECONCILE OK: LTC/4h tiene SL activo
[23:45:05] [EXECUTOR] RECONCILE OK: SOL/4h tiene SL activo
[23:45:06] [EXECUTOR] RECONCILE OK: WTI/1d tiene SL activo
[23:45:06] [EXECUTOR] RECONCILE OK: LTC/4h tiene SL activo
[23:50:05] [EXECUTOR] RECONCILE OK: SOL/4h tiene SL activo
[23:50:05] [EXECUTOR] RECONCILE OK: WTI/1d tiene SL activo
[23:50:06] [EXECUTOR] RECONCILE OK: LTC/4h tiene SL activo
[23:55:05] [EXECUTOR] RECONCILE OK: SOL/4h tiene SL activo
[23:55:06] [EXECUTOR] RECONCILE OK: WTI/1d tiene SL activo
[23:55:06] [EXECUTOR] RECONCILE OK: LTC/4h tiene SL activo
[00:00:06] [EXECUTOR] RECONCILE OK: SOL/4h tiene SL activo
[00:00:07] [EXECUTOR] RECONCILE OK: WTI/1d tiene SL activo
[00:00:08] [EXECUTOR] RECONCILE OK: LTC/4h tiene SL activo
[00:05:07] [EXECUTOR] RECONCILE OK: SOL/4h tiene SL activo
[00:05:08] [EXECUTOR] RECONCILE OK: WTI/1d tiene SL activo
[00:05:09] [EXECUTOR] RECONCILE OK: LTC/4h tiene SL activo
[00:10:05] [EXECUTOR] RECONCILE OK: SOL/4h tiene SL activo
[00:10:05] [EXECUTOR] RECONCILE OK: WTI/1d tiene SL activo
[00:10:06] [EXECUTOR] RECONCILE OK: LTC/4h tiene SL activo
[00:15:06] [EXECUTOR] RECONCILE OK: SOL/4h tiene SL activo
[00:15:06] [EXECUTOR] RECONCILE OK: WTI/1d tiene SL activo
[00:15:07] [EXECUTOR] RECONCILE OK: LTC/4h tiene SL activo
[00:20:07] [EXECUTOR] RECONCILE OK: SOL/4h tiene SL activo
[00:20:07] [EXECUTOR] RECONCILE OK: WTI/1d tiene SL activo
[00:20:08] [EXECUTOR] RECONCILE OK: LTC/4h tiene SL activo
[00:25:07] [EXECUTOR] RECONCILE OK: SOL/4h tiene SL activo
[00:25:08] [EXECUTOR] RECONCILE OK: WTI/1d tiene SL activo
[00:25:08] [EXECUTOR] RECONCILE OK: LTC/4h tiene SL activo
[00:30:06] [EXECUTOR] RECONCILE OK: SOL/4h tiene SL activo
[00:30:06] [EXECUTOR] RECONCILE OK: WTI/1d tiene SL activo
[00:30:07] [EXECUTOR] RECONCILE OK: LTC/4h tiene SL activo
[00:35:05] [EXECUTOR] RECONCILE OK: SOL/4h tiene SL activo
[00:35:05] [EXECUTOR] RECONCILE OK: WTI/1d tiene SL activo
[00:35:06] [EXECUTOR] RECONCILE OK: LTC/4h tiene SL activo
[00:40:07] [EXECUTOR] RECONCILE OK: SOL/4h tiene SL activo
[00:40:07] [EXECUTOR] RECONCILE OK: WTI/1d tiene SL activo
[00:40:08] [EXECUTOR] RECONCILE OK: LTC/4h tiene SL activo
[00:45:06] [EXECUTOR] RECONCILE OK: SOL/4h tiene SL activo
[00:45:06] [EXECUTOR] RECONCILE OK: WTI/1d tiene SL activo
[00:45:07] [EXECUTOR] RECONCILE OK: LTC/4h tiene SL activo
[00:50:06] [EXECUTOR] RECONCILE OK: SOL/4h tiene SL activo
[00:50:06] [EXECUTOR] RECONCILE OK: WTI/1d tiene SL activo
[00:50:07] [EXECUTOR] RECONCILE OK: LTC/4h tiene SL activo
[00:55:05] [EXECUTOR] RECONCILE OK: SOL/4h tiene SL activo
[00:55:05] [EXECUTOR] RECONCILE OK: WTI/1d tiene SL activo
[00:55:05] [EXECUTOR] RECONCILE OK: LTC/4h tiene SL activo
[01:00:08] [EXECUTOR] RECONCILE OK: SOL/4h tiene SL activo
[01:00:08] [EXECUTOR] RECONCILE OK: WTI/1d tiene SL activo
[01:00:09] [EXECUTOR] RECONCILE OK: LTC/4h tiene SL activo
[01:05:05] [EXECUTOR] RECONCILE OK: SOL/4h tiene SL activo
[01:05:06] [EXECUTOR] RECONCILE OK: WTI/1d tiene SL activo
[01:05:06] [EXECUTOR] RECONCILE OK: LTC/4h tiene SL activo
[01:10:07] [EXECUTOR] RECONCILE OK: SOL/4h tiene SL activo
[01:10:08] [EXECUTOR] RECONCILE OK: WTI/1d tiene SL activo
[01:10:08] [EXECUTOR] RECONCILE OK: LTC/4h tiene SL activo
[01:15:05] [EXECUTOR] RECONCILE OK: SOL/4h tiene SL activo
[01:15:06] [EXECUTOR] RECONCILE OK: WTI/1d tiene SL activo
[01:15:06] [EXECUTOR] RECONCILE OK: LTC/4h tiene SL activo
[01:20:06] [EXECUTOR] RECONCILE OK: SOL/4h tiene SL activo
[01:20:07] [EXECUTOR] RECONCILE OK: WTI/1d tiene SL activo
[01:20:07] [EXECUTOR] RECONCILE OK: LTC/4h tiene SL activo
[01:25:05] [EXECUTOR] RECONCILE OK: SOL/4h tiene SL activo
[01:25:05] [EXECUTOR] RECONCILE OK: WTI/1d tiene SL activo
[01:25:06] [EXECUTOR] RECONCILE OK: LTC/4h tiene SL activo
[01:30:06] [EXECUTOR] RECONCILE OK: SOL/4h tiene SL activo
[01:30:06] [EXECUTOR] RECONCILE OK: WTI/1d tiene SL activo
[01:30:07] [EXECUTOR] RECONCILE OK: LTC/4h tiene SL activo
[01:35:05] [EXECUTOR] RECONCILE OK: SOL/4h tiene SL activo
[01:35:05] [EXECUTOR] RECONCILE OK: WTI/1d tiene SL activo
[01:35:06] [EXECUTOR] RECONCILE OK: LTC/4h tiene SL activo
[01:40:05] [EXECUTOR] RECONCILE OK: SOL/4h tiene SL activo
[01:40:06] [EXECUTOR] RECONCILE OK: WTI/1d tiene SL activo
[01:40:06] [EXECUTOR] RECONCILE OK: LTC/4h tiene SL activo
[01:45:06] [EXECUTOR] RECONCILE OK: SOL/4h tiene SL activo
[01:45:06] [EXECUTOR] RECONCILE OK: WTI/1d tiene SL activo
[01:45:07] [EXECUTOR] RECONCILE OK: LTC/4h tiene SL activo
[01:50:06] [EXECUTOR] RECONCILE OK: SOL/4h tiene SL activo
[01:50:06] [EXECUTOR] RECONCILE OK: WTI/1d tiene SL activo
[01:50:07] [EXECUTOR] RECONCILE OK: LTC/4h tiene SL activo
[01:55:06] [EXECUTOR] RECONCILE OK: SOL/4h tiene SL activo
[01:55:06] [EXECUTOR] RECONCILE OK: WTI/1d tiene SL activo
[01:55:07] [EXECUTOR] RECONCILE OK: LTC/4h tiene SL activo
[02:00:05] [EXECUTOR] RECONCILE OK: SOL/4h tiene SL activo
[02:00:06] [EXECUTOR] RECONCILE OK: WTI/1d tiene SL activo
[02:00:07] [EXECUTOR] RECONCILE OK: LTC/4h tiene SL activo
[02:05:05] [EXECUTOR] RECONCILE OK: SOL/4h tiene SL activo
[02:05:05] [EXECUTOR] RECONCILE OK: WTI/1d tiene SL activo
[02:05:06] [EXECUTOR] RECONCILE OK: LTC/4h tiene SL activo
[02:10:05] [EXECUTOR] RECONCILE OK: SOL/4h tiene SL activo
[02:10:06] [EXECUTOR] RECONCILE OK: WTI/1d tiene SL activo
[02:10:06] [EXECUTOR] RECONCILE OK: LTC/4h tiene SL activo
[02:15:06] [EXECUTOR] RECONCILE OK: SOL/4h tiene SL activo
[02:15:07] [EXECUTOR] RECONCILE OK: WTI/1d tiene SL activo
[02:15:07] [EXECUTOR] RECONCILE OK: LTC/4h tiene SL activo
[02:20:05] [EXECUTOR] RECONCILE OK: SOL/4h tiene SL activo
[02:20:06] [EXECUTOR] RECONCILE OK: WTI/1d tiene SL activo
[02:20:06] [EXECUTOR] RECONCILE OK: LTC/4h tiene SL activo
[02:25:07] [EXECUTOR] RECONCILE OK: SOL/4h tiene SL activo
[02:25:07] [EXECUTOR] RECONCILE OK: WTI/1d tiene SL activo
[02:25:08] [EXECUTOR] RECONCILE OK: LTC/4h tiene SL activo
[02:30:06] [EXECUTOR] RECONCILE OK: SOL/4h tiene SL activo
[02:30:06] [EXECUTOR] RECONCILE OK: WTI/1d tiene SL activo
[02:30:07] [EXECUTOR] RECONCILE OK: LTC/4h tiene SL activo
[02:35:05] [EXECUTOR] RECONCILE OK: SOL/4h tiene SL activo
[02:35:06] [EXECUTOR] RECONCILE OK: WTI/1d tiene SL activo
[02:35:07] [EXECUTOR] RECONCILE OK: LTC/4h tiene SL activo
[02:40:07] [EXECUTOR] RECONCILE OK: SOL/4h tiene SL activo
[02:40:08] [EXECUTOR] RECONCILE OK: WTI/1d tiene SL activo
[02:40:08] [EXECUTOR] RECONCILE OK: LTC/4h tiene SL activo
[02:45:06] [EXECUTOR] RECONCILE OK: SOL/4h tiene SL activo
[02:45:07] [EXECUTOR] RECONCILE OK: WTI/1d tiene SL activo
[02:45:07] [EXECUTOR] RECONCILE OK: LTC/4h tiene SL activo
[02:50:06] [EXECUTOR] RECONCILE OK: SOL/4h tiene SL activo
[02:50:07] [EXECUTOR] RECONCILE OK: WTI/1d tiene SL activo
[02:50:07] [EXECUTOR] RECONCILE OK: LTC/4h tiene SL activo
[02:55:05] [EXECUTOR] RECONCILE OK: SOL/4h tiene SL activo
[02:55:05] [EXECUTOR] RECONCILE OK: WTI/1d tiene SL activo
[02:55:06] [EXECUTOR] RECONCILE OK: LTC/4h tiene SL activo
[03:00:07] [EXECUTOR] RECONCILE OK: SOL/4h tiene SL activo
[03:00:07] [EXECUTOR] RECONCILE OK: WTI/1d tiene SL activo
[03:00:08] [EXECUTOR] RECONCILE OK: LTC/4h tiene SL activo
[03:05:05] [EXECUTOR] RECONCILE OK: SOL/4h tiene SL activo
[03:05:06] [EXECUTOR] RECONCILE OK: WTI/1d tiene SL activo
[03:05:06] [EXECUTOR] RECONCILE OK: LTC/4h tiene SL activo
[03:10:06] [EXECUTOR] RECONCILE OK: SOL/4h tiene SL activo
[03:10:06] [EXECUTOR] RECONCILE OK: WTI/1d tiene SL activo
[03:10:07] [EXECUTOR] RECONCILE OK: LTC/4h tiene SL activo
[03:15:05] [EXECUTOR] RECONCILE OK: SOL/4h tiene SL activo
[03:15:06] [EXECUTOR] RECONCILE OK: WTI/1d tiene SL activo
[03:15:06] [EXECUTOR] RECONCILE OK: LTC/4h tiene SL activo
[03:20:05] [EXECUTOR] RECONCILE OK: SOL/4h tiene SL activo
[03:20:07] [EXECUTOR] RECONCILE OK: WTI/1d tiene SL activo
[03:20:07] [EXECUTOR] RECONCILE OK: LTC/4h tiene SL activo
[03:25:06] [EXECUTOR] RECONCILE OK: SOL/4h tiene SL activo
[03:25:06] [EXECUTOR] RECONCILE OK: WTI/1d tiene SL activo
[03:25:07] [EXECUTOR] RECONCILE OK: LTC/4h tiene SL activo
[03:30:07] [EXECUTOR] RECONCILE OK: SOL/4h tiene SL activo
[03:30:08] [EXECUTOR] RECONCILE OK: WTI/1d tiene SL activo
[03:30:09] [EXECUTOR] RECONCILE OK: LTC/4h tiene SL activo
[03:35:05] [EXECUTOR] RECONCILE OK: SOL/4h tiene SL activo
[03:35:06] [EXECUTOR] RECONCILE OK: WTI/1d tiene SL activo
[03:35:06] [EXECUTOR] RECONCILE OK: LTC/4h tiene SL activo
[03:40:07] [EXECUTOR] RECONCILE OK: SOL/4h tiene SL activo
[03:40:07] [EXECUTOR] RECONCILE OK: WTI/1d tiene SL activo
[03:40:08] [EXECUTOR] RECONCILE OK: LTC/4h tiene SL activo
[03:45:08] [EXECUTOR] RECONCILE OK: SOL/4h tiene SL activo
[03:45:08] [EXECUTOR] RECONCILE OK: WTI/1d tiene SL activo
[03:45:09] [EXECUTOR] RECONCILE OK: LTC/4h tiene SL activo
[03:50:05] [EXECUTOR] RECONCILE OK: SOL/4h tiene SL activo
[03:50:06] [EXECUTOR] RECONCILE OK: WTI/1d tiene SL activo
[03:50:06] [EXECUTOR] RECONCILE OK: LTC/4h tiene SL activo
[03:55:07] [EXECUTOR] RECONCILE OK: SOL/4h tiene SL activo
[03:55:07] [EXECUTOR] RECONCILE OK: WTI/1d tiene SL activo
[03:55:08] [EXECUTOR] RECONCILE OK: LTC/4h tiene SL activo
[04:00:06] [EXECUTOR] RECONCILE OK: SOL/4h tiene SL activo
[04:00:06] [EXECUTOR] RECONCILE OK: WTI/1d tiene SL activo
[04:00:07] [EXECUTOR] RECONCILE OK: LTC/4h tiene SL activo
[04:05:05] [EXECUTOR] RECONCILE OK: SOL/4h tiene SL activo
[04:05:05] [EXECUTOR] RECONCILE OK: WTI/1d tiene SL activo
[04:05:06] [EXECUTOR] RECONCILE OK: LTC/4h tiene SL activo
[04:10:06] [EXECUTOR] RECONCILE OK: SOL/4h tiene SL activo
[04:10:07] [EXECUTOR] RECONCILE OK: WTI/1d tiene SL activo
[04:10:07] [EXECUTOR] RECONCILE OK: LTC/4h tiene SL activo
[04:15:07] [EXECUTOR] RECONCILE OK: SOL/4h tiene SL activo
[04:15:07] [EXECUTOR] RECONCILE OK: WTI/1d tiene SL activo
[04:15:08] [EXECUTOR] RECONCILE OK: LTC/4h tiene SL activo
[04:20:06] [EXECUTOR] RECONCILE OK: SOL/4h tiene SL activo
[04:20:07] [EXECUTOR] RECONCILE OK: WTI/1d tiene SL activo
[04:20:07] [EXECUTOR] RECONCILE OK: LTC/4h tiene SL activo
[04:25:06] [EXECUTOR] RECONCILE OK: SOL/4h tiene SL activo
[04:25:06] [EXECUTOR] RECONCILE OK: WTI/1d tiene SL activo
[04:25:07] [EXECUTOR] RECONCILE OK: LTC/4h tiene SL activo
[04:30:08] [EXECUTOR] RECONCILE OK: SOL/4h tiene SL activo
[04:30:08] [EXECUTOR] RECONCILE OK: WTI/1d tiene SL activo
[04:30:09] [EXECUTOR] RECONCILE OK: LTC/4h tiene SL activo
[04:35:05] [EXECUTOR] RECONCILE OK: SOL/4h tiene SL activo
[04:35:05] [EXECUTOR] RECONCILE OK: WTI/1d tiene SL activo
[04:35:06] [EXECUTOR] RECONCILE OK: LTC/4h tiene SL activo
[04:40:05] [EXECUTOR] RECONCILE OK: SOL/4h tiene SL activo
[04:40:05] [EXECUTOR] RECONCILE OK: WTI/1d tiene SL activo
[04:40:06] [EXECUTOR] RECONCILE OK: LTC/4h tiene SL activo
[04:45:06] [EXECUTOR] RECONCILE OK: SOL/4h tiene SL activo
[04:45:07] [EXECUTOR] RECONCILE OK: WTI/1d tiene SL activo
[04:45:07] [EXECUTOR] RECONCILE OK: LTC/4h tiene SL activo
[04:50:05] [EXECUTOR] RECONCILE OK: SOL/4h tiene SL activo
[04:50:05] [EXECUTOR] RECONCILE OK: WTI/1d tiene SL activo
[04:50:06] [EXECUTOR] RECONCILE OK: LTC/4h tiene SL activo
[04:55:07] [EXECUTOR] RECONCILE OK: SOL/4h tiene SL activo
[04:55:08] [EXECUTOR] RECONCILE OK: WTI/1d tiene SL activo
[04:55:09] [EXECUTOR] RECONCILE OK: LTC/4h tiene SL activo
[05:00:06] [EXECUTOR] RECONCILE OK: SOL/4h tiene SL activo
[05:00:07] [EXECUTOR] RECONCILE OK: WTI/1d tiene SL activo
[05:00:08] [EXECUTOR] RECONCILE OK: LTC/4h tiene SL activo
[05:05:06] [EXECUTOR] RECONCILE OK: SOL/4h tiene SL activo
[05:05:07] [EXECUTOR] RECONCILE OK: WTI/1d tiene SL activo
[05:05:07] [EXECUTOR] RECONCILE OK: LTC/4h tiene SL activo
[05:10:06] [EXECUTOR] RECONCILE OK: SOL/4h tiene SL activo
[05:10:07] [EXECUTOR] RECONCILE OK: WTI/1d tiene SL activo
[05:10:07] [EXECUTOR] RECONCILE OK: LTC/4h tiene SL activo
[05:15:05] [EXECUTOR] RECONCILE OK: SOL/4h tiene SL activo
[05:15:06] [EXECUTOR] RECONCILE OK: WTI/1d tiene SL activo
[05:15:06] [EXECUTOR] RECONCILE OK: LTC/4h tiene SL activo
[05:20:06] [EXECUTOR] RECONCILE OK: SOL/4h tiene SL activo
[05:20:06] [EXECUTOR] RECONCILE OK: WTI/1d tiene SL activo
[05:20:07] [EXECUTOR] RECONCILE OK: LTC/4h tiene SL activo
[05:25:06] [EXECUTOR] RECONCILE OK: SOL/4h tiene SL activo
[05:25:07] [EXECUTOR] RECONCILE OK: WTI/1d tiene SL activo
[05:25:07] [EXECUTOR] RECONCILE OK: LTC/4h tiene SL activo
[05:30:06] [EXECUTOR] RECONCILE OK: SOL/4h tiene SL activo
[05:30:07] [EXECUTOR] RECONCILE OK: WTI/1d tiene SL activo
[05:30:07] [EXECUTOR] RECONCILE OK: LTC/4h tiene SL activo
[05:35:05] [EXECUTOR] RECONCILE OK: WTI/1d tiene SL activo
[05:35:06] [EXECUTOR] RECONCILE OK: LTC/4h tiene SL activo
[05:40:07] [EXECUTOR] RECONCILE OK: WTI/1d tiene SL activo
[05:40:08] [EXECUTOR] RECONCILE OK: LTC/4h tiene SL activo
[05:45:08] [EXECUTOR] RECONCILE OK: WTI/1d tiene SL activo
[05:45:09] [EXECUTOR] RECONCILE OK: LTC/4h tiene SL activo
[05:50:07] [EXECUTOR] RECONCILE OK: WTI/1d tiene SL activo
[05:50:07] [EXECUTOR] RECONCILE OK: LTC/4h tiene SL activo
[05:55:08] [EXECUTOR] RECONCILE OK: WTI/1d tiene SL activo
[05:55:08] [EXECUTOR] RECONCILE OK: LTC/4h tiene SL activo
[06:00:09] [EXECUTOR] RECONCILE OK: WTI/1d tiene SL activo
[06:00:09] [EXECUTOR] RECONCILE OK: LTC/4h tiene SL activo
[06:05:05] [EXECUTOR] RECONCILE OK: WTI/1d tiene SL activo
[06:05:06] [EXECUTOR] RECONCILE OK: LTC/4h tiene SL activo
[06:10:07] [EXECUTOR] RECONCILE OK: WTI/1d tiene SL activo
[06:10:07] [EXECUTOR] RECONCILE OK: LTC/4h tiene SL activo
[06:15:06] [EXECUTOR] RECONCILE OK: WTI/1d tiene SL activo
[06:15:06] [EXECUTOR] RECONCILE OK: LTC/4h tiene SL activo
[06:20:07] [EXECUTOR] RECONCILE OK: WTI/1d tiene SL activo
[06:20:07] [EXECUTOR] RECONCILE OK: LTC/4h tiene SL activo
[06:25:05] [EXECUTOR] RECONCILE OK: WTI/1d tiene SL activo
[06:25:06] [EXECUTOR] RECONCILE OK: LTC/4h tiene SL activo
[06:30:05] [EXECUTOR] RECONCILE OK: WTI/1d tiene SL activo
[06:30:06] [EXECUTOR] RECONCILE OK: LTC/4h tiene SL activo
[06:35:06] [EXECUTOR] RECONCILE OK: WTI/1d tiene SL activo
[06:35:06] [EXECUTOR] RECONCILE OK: LTC/4h tiene SL activo
[06:40:05] [EXECUTOR] RECONCILE OK: WTI/1d tiene SL activo
[06:40:06] [EXECUTOR] RECONCILE OK: LTC/4h tiene SL activo
[06:45:05] [EXECUTOR] RECONCILE OK: WTI/1d tiene SL activo
[06:45:05] [EXECUTOR] RECONCILE OK: LTC/4h tiene SL activo
[06:50:06] [EXECUTOR] RECONCILE OK: WTI/1d tiene SL activo
[06:50:06] [EXECUTOR] RECONCILE OK: LTC/4h tiene SL activo
[06:55:06] [EXECUTOR] RECONCILE OK: WTI/1d tiene SL activo
[06:55:07] [EXECUTOR] RECONCILE OK: LTC/4h tiene SL activo
[07:00:06] [EXECUTOR] RECONCILE OK: WTI/1d tiene SL activo
[07:00:07] [EXECUTOR] RECONCILE OK: LTC/4h tiene SL activo
[07:05:05] [EXECUTOR] RECONCILE OK: WTI/1d tiene SL activo
[07:05:06] [EXECUTOR] RECONCILE OK: LTC/4h tiene SL activo
[07:10:05] [EXECUTOR] RECONCILE OK: WTI/1d tiene SL activo
[07:10:06] [EXECUTOR] RECONCILE OK: LTC/4h tiene SL activo
[07:15:06] [EXECUTOR] RECONCILE OK: WTI/1d tiene SL activo
[07:15:06] [EXECUTOR] RECONCILE OK: LTC/4h tiene SL activo
[07:20:06] [EXECUTOR] RECONCILE OK: WTI/1d tiene SL activo
[07:20:06] [EXECUTOR] RECONCILE OK: LTC/4h tiene SL activo
[07:25:06] [EXECUTOR] RECONCILE OK: WTI/1d tiene SL activo
[07:25:06] [EXECUTOR] RECONCILE OK: LTC/4h tiene SL activo
[07:30:06] [EXECUTOR] RECONCILE OK: WTI/1d tiene SL activo
[07:30:06] [EXECUTOR] RECONCILE OK: LTC/4h tiene SL activo
[07:35:07] [EXECUTOR] RECONCILE OK: WTI/1d tiene SL activo
[07:35:07] [EXECUTOR] RECONCILE OK: LTC/4h tiene SL activo
[07:40:06] [EXECUTOR] RECONCILE OK: WTI/1d tiene SL activo
[07:40:07] [EXECUTOR] RECONCILE OK: LTC/4h tiene SL activo
[07:45:05] [EXECUTOR] RECONCILE OK: WTI/1d tiene SL activo
[07:45:06] [EXECUTOR] RECONCILE OK: LTC/4h tiene SL activo
[07:50:05] [EXECUTOR] RECONCILE OK: WTI/1d tiene SL activo
[07:50:06] [EXECUTOR] RECONCILE OK: LTC/4h tiene SL activo
[07:55:05] [EXECUTOR] RECONCILE OK: WTI/1d tiene SL activo
[07:55:06] [EXECUTOR] RECONCILE OK: LTC/4h tiene SL activo
[08:00:05] [EXECUTOR] RECONCILE OK: WTI/1d tiene SL activo
[08:00:06] [EXECUTOR] RECONCILE OK: LTC/4h tiene SL activo
[08:05:05] [EXECUTOR] RECONCILE OK: WTI/1d tiene SL activo
[08:05:06] [EXECUTOR] RECONCILE OK: LTC/4h tiene SL activo
[08:10:06] [EXECUTOR] RECONCILE OK: WTI/1d tiene SL activo
[08:10:07] [EXECUTOR] RECONCILE OK: LTC/4h tiene SL activo
[08:15:06] [EXECUTOR] RECONCILE OK: WTI/1d tiene SL activo
[08:15:06] [EXECUTOR] RECONCILE OK: LTC/4h tiene SL activo
[08:20:07] [EXECUTOR] RECONCILE OK: WTI/1d tiene SL activo
[08:20:07] [EXECUTOR] RECONCILE OK: LTC/4h tiene SL activo
[08:25:06] [EXECUTOR] RECONCILE OK: WTI/1d tiene SL activo
[08:25:06] [EXECUTOR] RECONCILE OK: LTC/4h tiene SL activo
[08:30:06] [EXECUTOR] RECONCILE OK: WTI/1d tiene SL activo
[08:30:06] [EXECUTOR] RECONCILE OK: LTC/4h tiene SL activo
[08:35:05] [EXECUTOR] RECONCILE OK: WTI/1d tiene SL activo
[08:35:05] [EXECUTOR] RECONCILE OK: LTC/4h tiene SL activo
[08:40:06] [EXECUTOR] RECONCILE OK: WTI/1d tiene SL activo
[08:40:06] [EXECUTOR] RECONCILE OK: LTC/4h tiene SL activo
[08:45:06] [EXECUTOR] RECONCILE OK: WTI/1d tiene SL activo
[08:45:06] [EXECUTOR] RECONCILE OK: LTC/4h tiene SL activo
[08:50:05] [EXECUTOR] RECONCILE OK: WTI/1d tiene SL activo
[08:50:06] [EXECUTOR] RECONCILE OK: LTC/4h tiene SL activo
[08:55:06] [EXECUTOR] RECONCILE OK: WTI/1d tiene SL activo
[08:55:07] [EXECUTOR] RECONCILE OK: LTC/4h tiene SL activo
[09:00:05] [EXECUTOR] RECONCILE OK: WTI/1d tiene SL activo
[09:00:06] [EXECUTOR] RECONCILE OK: LTC/4h tiene SL activo
[09:05:07] [EXECUTOR] RECONCILE OK: WTI/1d tiene SL activo
[09:05:07] [EXECUTOR] RECONCILE OK: LTC/4h tiene SL activo
[09:10:07] [EXECUTOR] RECONCILE OK: WTI/1d tiene SL activo
[09:10:08] [EXECUTOR] RECONCILE OK: LTC/4h tiene SL activo
[09:15:06] [EXECUTOR] RECONCILE OK: WTI/1d tiene SL activo
[09:15:07] [EXECUTOR] RECONCILE OK: LTC/4h tiene SL activo
[09:20:05] [EXECUTOR] RECONCILE OK: WTI/1d tiene SL activo
[09:20:05] [EXECUTOR] RECONCILE OK: LTC/4h tiene SL activo
[09:25:06] [EXECUTOR] RECONCILE OK: WTI/1d tiene SL activo
[09:25:07] [EXECUTOR] RECONCILE OK: LTC/4h tiene SL activo
[09:30:06] [EXECUTOR] RECONCILE OK: WTI/1d tiene SL activo
[09:30:07] [EXECUTOR] RECONCILE OK: LTC/4h tiene SL activo
[09:35:05] [EXECUTOR] RECONCILE OK: WTI/1d tiene SL activo
[09:35:06] [EXECUTOR] RECONCILE OK: LTC/4h tiene SL activo
[09:40:05] [EXECUTOR] RECONCILE OK: WTI/1d tiene SL activo
[09:40:06] [EXECUTOR] RECONCILE OK: LTC/4h tiene SL activo
[09:45:08] [EXECUTOR] RECONCILE OK: WTI/1d tiene SL activo
[09:45:09] [EXECUTOR] RECONCILE OK: LTC/4h tiene SL activo
[09:50:06] [EXECUTOR] RECONCILE OK: WTI/1d tiene SL activo
[09:50:06] [EXECUTOR] RECONCILE OK: LTC/4h tiene SL activo
[09:55:05] [EXECUTOR] RECONCILE OK: WTI/1d tiene SL activo
[09:55:05] [EXECUTOR] RECONCILE OK: LTC/4h tiene SL activo
[10:00:05] [EXECUTOR] RECONCILE OK: WTI/1d tiene SL activo
[10:00:06] [EXECUTOR] RECONCILE OK: LTC/4h tiene SL activo
[10:05:05] [EXECUTOR] RECONCILE OK: WTI/1d tiene SL activo
[10:05:05] [EXECUTOR] RECONCILE OK: LTC/4h tiene SL activo
[10:10:05] [EXECUTOR] RECONCILE OK: WTI/1d tiene SL activo
[10:10:06] [EXECUTOR] RECONCILE OK: LTC/4h tiene SL activo
[10:15:06] [EXECUTOR] RECONCILE OK: WTI/1d tiene SL activo
[10:15:06] [EXECUTOR] RECONCILE OK: LTC/4h tiene SL activo
[10:20:06] [EXECUTOR] RECONCILE OK: WTI/1d tiene SL activo
[10:20:06] [EXECUTOR] RECONCILE OK: LTC/4h tiene SL activo
[10:25:05] [EXECUTOR] RECONCILE OK: WTI/1d tiene SL activo
[10:25:06] [EXECUTOR] RECONCILE OK: LTC/4h tiene SL activo
[10:30:07] [EXECUTOR] RECONCILE OK: WTI/1d tiene SL activo
[10:30:07] [EXECUTOR] RECONCILE OK: LTC/4h tiene SL activo
[10:35:06] [EXECUTOR] RECONCILE OK: WTI/1d tiene SL activo
[10:35:07] [EXECUTOR] RECONCILE OK: LTC/4h tiene SL activo
[10:40:05] [EXECUTOR] RECONCILE OK: WTI/1d tiene SL activo
[10:40:06] [EXECUTOR] RECONCILE OK: LTC/4h tiene SL activo
[10:45:06] [EXECUTOR] RECONCILE OK: WTI/1d tiene SL activo
[10:45:06] [EXECUTOR] RECONCILE OK: LTC/4h tiene SL activo
