[RESEARCHER] Analizando 25 trades...
[RESEARCHER] Modo estadistico (sin API key o error)
[RESEARCHER] Guardado en /opt/sigma/results/reports/research_insights.json
  [LOW] Hora 11:00 UTC acumula perdidas promedio -2.7% (3 trades)
       Accion: Agregar cooldown en hora 11:00-13:00 UTC
  [HIGH] SL teorico 1.75% vs perdida real 2.38% — slippage alto (1.4x)
       Accion: Revisar execution quality o ampliar SL en 30%
[RESEARCHER] Telegram enviado
[RESEARCHER] Analizando 37 trades...
[RESEARCHER] Modo estadistico (sin API key o error)
[RESEARCHER] Guardado en /opt/sigma/results/reports/research_insights.json
  [LOW] Hora 11:00 UTC acumula perdidas promedio -2.0% (4 trades)
       Accion: Agregar cooldown en hora 11:00-13:00 UTC
  [LOW] Hora 16:00 UTC acumula perdidas promedio -3.2% (2 trades)
       Accion: Agregar cooldown en hora 16:00-18:00 UTC
  [MEDIUM] Racha maxima de 5 trades perdedores consecutivos
       Accion: Activar circuit breaker despues de 4 perdidas seguidas
[RESEARCHER] Telegram enviado
[RESEARCHER] Analizando 45 trades...
[RESEARCHER] Modo estadistico (sin API key o error)
[RESEARCHER] Guardado en /opt/sigma/results/reports/research_insights.json
  [LOW] Hora 11:00 UTC acumula perdidas promedio -2.0% (4 trades)
       Accion: Agregar cooldown en hora 11:00-13:00 UTC
  [LOW] Hora 16:00 UTC acumula perdidas promedio -3.2% (2 trades)
       Accion: Agregar cooldown en hora 16:00-18:00 UTC
  [MEDIUM] Racha maxima de 5 trades perdedores consecutivos
       Accion: Activar circuit breaker despues de 4 perdidas seguidas
[RESEARCHER] Telegram enviado
